Using pre-set license
Built from '2021.3/release' branch; Version is '2021.3.17f1 (3e8111cac19d) revision 4096273'; Using compiler version '192829333'; Build Type 'Release'
OS: 'Windows 11  (10.0.22000) 64bit CoreSingleLanguage' Language: 'en' Physical Memory: 16163 MB
BatchMode: 1, IsHumanControllingUs: 0, StartBugReporterOnCrash: 0, Is64bit: 1, IsPro: 1

COMMAND LINE ARGUMENTS:
D:\Unity\Hub\Editor\2021.3.17f1\Editor\Unity.exe
-adb2
-batchMode
-noUpm
-name
AssetImportWorker0
-projectPath
D:/Unity/Project/HB 3rd game MoveStopMove/MoveStopMove_MaiTheDuc
-logFile
Logs/AssetImportWorker0.log
-srvPort
50143
Successfully changed project path to: D:/Unity/Project/HB 3rd game MoveStopMove/MoveStopMove_MaiTheDuc
D:/Unity/Project/HB 3rd game MoveStopMove/MoveStopMove_MaiTheDuc
[UnityMemory] Configuration Parameters - Can be set up in boot.config
    "memorysetup-bucket-allocator-granularity=16"
    "memorysetup-bucket-allocator-bucket-count=8"
    "memorysetup-bucket-allocator-block-size=33554432"
    "memorysetup-bucket-allocator-block-count=8"
    "memorysetup-main-allocator-block-size=16777216"
    "memorysetup-thread-allocator-block-size=16777216"
    "memorysetup-gfx-main-allocator-block-size=16777216"
    "memorysetup-gfx-thread-allocator-block-size=16777216"
    "memorysetup-cache-allocator-block-size=4194304"
    "memorysetup-typetree-allocator-block-size=2097152"
    "memorysetup-profiler-bucket-allocator-granularity=16"
    "memorysetup-profiler-bucket-allocator-bucket-count=8"
    "memorysetup-profiler-bucket-allocator-block-size=33554432"
    "memorysetup-profiler-bucket-allocator-block-count=8"
    "memorysetup-profiler-allocator-block-size=16777216"
    "memorysetup-profiler-editor-allocator-block-size=1048576"
    "memorysetup-temp-allocator-size-main=16777216"
    "memorysetup-job-temp-allocator-block-size=2097152"
    "memorysetup-job-temp-allocator-block-size-background=1048576"
    "memorysetup-job-temp-allocator-reduction-small-platforms=262144"
    "memorysetup-temp-allocator-size-background-worker=32768"
    "memorysetup-temp-allocator-size-job-worker=262144"
    "memorysetup-temp-allocator-size-preload-manager=33554432"
    "memorysetup-temp-allocator-size-nav-mesh-worker=65536"
    "memorysetup-temp-allocator-size-audio-worker=65536"
    "memorysetup-temp-allocator-size-cloud-worker=32768"
    "memorysetup-temp-allocator-size-gi-baking-worker=262144"
    "memorysetup-temp-allocator-size-gfx=262144"
Player connection [12892] Host "[IP] 10.22.50.1 [Port] 0 [Flags] 2 [Guid] 3221248750 [EditorId] 3221248750 [Version] 1048832 [Id] WindowsEditor(7,DUKELAPTOP) [Debug] 1 [PackageName] WindowsEditor [ProjectName] Editor" joined multi-casting on [225.0.0.222:54997]...

Player connection [12892] Host "[IP] 10.22.50.1 [Port] 0 [Flags] 2 [Guid] 3221248750 [EditorId] 3221248750 [Version] 1048832 [Id] WindowsEditor(7,DUKELAPTOP) [Debug] 1 [PackageName] WindowsEditor [ProjectName] Editor" joined alternative multi-casting on [225.0.0.222:34997]...

Refreshing native plugins compatible for Editor in 89.48 ms, found 3 plugins.
Preloading 0 native plugins for Editor in 0.00 ms.
Initialize engine version: 2021.3.17f1 (3e8111cac19d)
[Subsystems] Discovering subsystems at path D:/Unity/Hub/Editor/2021.3.17f1/Editor/Data/Resources/UnitySubsystems
[Subsystems] Discovering subsystems at path D:/Unity/Project/HB 3rd game MoveStopMove/MoveStopMove_MaiTheDuc/Assets
GfxDevice: creating device client; threaded=0; jobified=0
Direct3D:
    Version:  Direct3D 11.0 [level 11.1]
    Renderer: NVIDIA GeForce RTX 3050 Laptop GPU (ID=0x25a2)
    Vendor:   NVIDIA
    VRAM:     3977 MB
    Driver:   31.0.15.3141
Initialize mono
Mono path[0] = 'D:/Unity/Hub/Editor/2021.3.17f1/Editor/Data/Managed'
Mono path[1] = 'D:/Unity/Hub/Editor/2021.3.17f1/Editor/Data/MonoBleedingEdge/lib/mono/unityjit-win32'
Mono config path = 'D:/Unity/Hub/Editor/2021.3.17f1/Editor/Data/MonoBleedingEdge/etc'
Using monoOptions --debugger-agent=transport=dt_socket,embedding=1,server=y,suspend=n,address=127.0.0.1:56428
Begin MonoManager ReloadAssembly
Registering precompiled unity dll's ...
Register platform support module: D:/Unity/Hub/Editor/2021.3.17f1/Editor/Data/PlaybackEngines/AndroidPlayer/UnityEditor.Android.Extensions.dll
Register platform support module: D:/Unity/Hub/Editor/2021.3.17f1/Editor/Data/PlaybackEngines/WindowsStandaloneSupport/UnityEditor.WindowsStandalone.Extensions.dll
Registered in 0.001863 seconds.
Native extension for WindowsStandalone target not found
Native extension for Android target not found
Android Extension - Scanning For ADB Devices 211 ms
Refreshing native plugins compatible for Editor in 87.37 ms, found 3 plugins.
Preloading 0 native plugins for Editor in 0.00 ms.
Mono: successfully reloaded assembly
- Completed reload, in  0.832 seconds
Domain Reload Profiling:
	ReloadAssembly (833ms)
		BeginReloadAssembly (71ms)
			ExecutionOrderSort (0ms)
			DisableScriptedObjects (0ms)
			BackupInstance (0ms)
			ReleaseScriptingObjects (0ms)
			CreateAndSetChildDomain (1ms)
		EndReloadAssembly (664ms)
			LoadAssemblies (71ms)
			RebuildTransferFunctionScriptingTraits (0ms)
			SetupTypeCache (98ms)
			ReleaseScriptCaches (0ms)
			RebuildScriptCaches (42ms)
			SetupLoadedEditorAssemblies (470ms)
				LogAssemblyErrors (0ms)
				InitializePlatformSupportModulesInManaged (270ms)
				SetLoadedEditorAssemblies (0ms)
				RefreshPlugins (87ms)
				BeforeProcessingInitializeOnLoad (1ms)
				ProcessInitializeOnLoadAttributes (76ms)
				ProcessInitializeOnLoadMethodAttributes (34ms)
				AfterProcessingInitializeOnLoad (0ms)
				EditorAssembliesLoaded (0ms)
			ExecutionOrderSort2 (0ms)
			AwakeInstancesAfterBackupRestoration (0ms)
Platform modules already initialized, skipping
Registering precompiled user dll's ...
Registered in 0.002903 seconds.
Begin MonoManager ReloadAssembly
Symbol file LoadedFromMemory doesn't match image D:\Unity\Project\HB 3rd game MoveStopMove\MoveStopMove_MaiTheDuc\Library\PackageCache\com.unity.visualscripting@1.8.0\Editor\VisualScripting.Core\Dependencies\YamlDotNet\Unity.VisualScripting.YamlDotNet.dll
Symbol file LoadedFromMemory doesn't match image D:\Unity\Project\HB 3rd game MoveStopMove\MoveStopMove_MaiTheDuc\Library\PackageCache\com.unity.visualscripting@1.8.0\Editor\VisualScripting.Core\Dependencies\DotNetZip\Unity.VisualScripting.IonicZip.dll
Native extension for WindowsStandalone target not found
Native extension for Android target not found
Refreshing native plugins compatible for Editor in 0.76 ms, found 3 plugins.
Preloading 0 native plugins for Editor in 0.00 ms.
Mono: successfully reloaded assembly
- Completed reload, in  0.981 seconds
Domain Reload Profiling:
	ReloadAssembly (981ms)
		BeginReloadAssembly (122ms)
			ExecutionOrderSort (0ms)
			DisableScriptedObjects (4ms)
			BackupInstance (0ms)
			ReleaseScriptingObjects (0ms)
			CreateAndSetChildDomain (25ms)
		EndReloadAssembly (764ms)
			LoadAssemblies (86ms)
			RebuildTransferFunctionScriptingTraits (0ms)
			SetupTypeCache (280ms)
			ReleaseScriptCaches (1ms)
			RebuildScriptCaches (50ms)
			SetupLoadedEditorAssemblies (312ms)
				LogAssemblyErrors (0ms)
				InitializePlatformSupportModulesInManaged (13ms)
				SetLoadedEditorAssemblies (0ms)
				RefreshPlugins (1ms)
				BeforeProcessingInitializeOnLoad (67ms)
				ProcessInitializeOnLoadAttributes (209ms)
				ProcessInitializeOnLoadMethodAttributes (20ms)
				AfterProcessingInitializeOnLoad (2ms)
				EditorAssembliesLoaded (0ms)
			ExecutionOrderSort2 (0ms)
			AwakeInstancesAfterBackupRestoration (5ms)
Platform modules already initialized, skipping
========================================================================
Worker process is ready to serve import requests
Launched and connected shader compiler UnityShaderCompiler.exe after 0.04 seconds
Refreshing native plugins compatible for Editor in 0.75 ms, found 3 plugins.
Preloading 0 native plugins for Editor in 0.00 ms.
Unloading 3402 Unused Serialized files (Serialized files now loaded: 0)
Unloading 27 unused Assets / (114.3 KB). Loaded Objects now: 3863.
Memory consumption went from 120.2 MB to 120.1 MB.
Total: 3.126500 ms (FindLiveObjects: 0.337600 ms CreateObjectMapping: 0.106100 ms MarkObjects: 2.544600 ms  DeleteObjects: 0.136900 ms)

AssetImportParameters requested are different than current active one (requested -> active):
  custom:video-decoder-ogg-theora: a1e56fd34408186e4bbccfd4996cb3dc -> 
  custom:container-muxer-webm: aa71ff27fc2769a1b78a27578f13a17b -> 
  custom:container-demuxer-webm: 4f35f7cbe854078d1ac9338744f61a02 -> 
  custom:video-encoder-webm-vp8: eb34c28f22e8b96e1ab97ce403110664 -> 
  custom:video-codec-MediaFoundation-h265: 746d11721c4dcdbdad8f713fa42b33f4 -> 
  custom:audio-encoder-webm-vorbis: bf7c407c2cedff20999df2af8eb42d56 -> 
  custom:framework-win-MediaFoundation: 216162199b28c13a410421893ffa2e32 -> 
  custom:container-demuxer-ogg: 62fdf1f143b41e24485cea50d1cbac27 -> 
  custom:video-decoder-webm-vp8: 9c59270c3fd7afecdb556c50c9e8de78 -> 
  custom:audio-decoder-ogg-vorbis: bf7c407c2cedff20999df2af8eb42d56 -> 
========================================================================
Received Import Request.
  Time since last request: 1068389.028750 seconds.
  path: Assets/Game/Scripts/Manager
  artifactKey: Guid(97e40d4c1fe7e0546b4a306bfc584f68) Importer(815301076,1909f56bfc062723c751e8b465ee728b)
Start importing Assets/Game/Scripts/Manager using Guid(97e40d4c1fe7e0546b4a306bfc584f68) Importer(815301076,1909f56bfc062723c751e8b465ee728b)  -> (artifact id: 'ae0e7677584d556770efc4d240366eec') in 0.011279 seconds 
========================================================================
Received Import Request.
  Time since last request: 7.569543 seconds.
  path: Assets/Game/Scripts/Manager/GameManager.cs
  artifactKey: Guid(6158f22f21af12940ad992ff5b953f9f) Importer(815301076,1909f56bfc062723c751e8b465ee728b)
Start importing Assets/Game/Scripts/Manager/GameManager.cs using Guid(6158f22f21af12940ad992ff5b953f9f) Importer(815301076,1909f56bfc062723c751e8b465ee728b)  -> (artifact id: '4a0e8d55841ac2354b2bf57b3c503671') in 0.030356 seconds 
========================================================================
Received Prepare
Registering precompiled user dll's ...
Registered in 0.002429 seconds.
Begin MonoManager ReloadAssembly
Symbol file LoadedFromMemory doesn't match image D:\Unity\Project\HB 3rd game MoveStopMove\MoveStopMove_MaiTheDuc\Library\PackageCache\com.unity.visualscripting@1.8.0\Editor\VisualScripting.Core\Dependencies\YamlDotNet\Unity.VisualScripting.YamlDotNet.dll
Symbol file LoadedFromMemory doesn't match image D:\Unity\Project\HB 3rd game MoveStopMove\MoveStopMove_MaiTheDuc\Library\PackageCache\com.unity.visualscripting@1.8.0\Editor\VisualScripting.Core\Dependencies\DotNetZip\Unity.VisualScripting.IonicZip.dll
Native extension for WindowsStandalone target not found
Native extension for Android target not found
Refreshing native plugins compatible for Editor in 1.00 ms, found 3 plugins.
Preloading 0 native plugins for Editor in 0.00 ms.
Mono: successfully reloaded assembly
- Completed reload, in  0.942 seconds
Domain Reload Profiling:
	ReloadAssembly (942ms)
		BeginReloadAssembly (121ms)
			ExecutionOrderSort (0ms)
			DisableScriptedObjects (6ms)
			BackupInstance (0ms)
			ReleaseScriptingObjects (0ms)
			CreateAndSetChildDomain (41ms)
		EndReloadAssembly (737ms)
			LoadAssemblies (64ms)
			RebuildTransferFunctionScriptingTraits (0ms)
			SetupTypeCache (297ms)
			ReleaseScriptCaches (2ms)
			RebuildScriptCaches (47ms)
			SetupLoadedEditorAssemblies (273ms)
				LogAssemblyErrors (0ms)
				InitializePlatformSupportModulesInManaged (30ms)
				SetLoadedEditorAssemblies (1ms)
				RefreshPlugins (1ms)
				BeforeProcessingInitializeOnLoad (52ms)
				ProcessInitializeOnLoadAttributes (169ms)
				ProcessInitializeOnLoadMethodAttributes (18ms)
				AfterProcessingInitializeOnLoad (2ms)
				EditorAssembliesLoaded (0ms)
			ExecutionOrderSort2 (0ms)
			AwakeInstancesAfterBackupRestoration (6ms)
Platform modules already initialized, skipping
Refreshing native plugins compatible for Editor in 1.85 ms, found 3 plugins.
Preloading 0 native plugins for Editor in 0.00 ms.
Unloading 3396 Unused Serialized files (Serialized files now loaded: 0)
Unloading 20 unused Assets / (81.2 KB). Loaded Objects now: 3867.
Memory consumption went from 119.5 MB to 119.5 MB.
Total: 2.457600 ms (FindLiveObjects: 0.217000 ms CreateObjectMapping: 0.080300 ms MarkObjects: 2.059800 ms  DeleteObjects: 0.099300 ms)

AssetImportParameters requested are different than current active one (requested -> active):
  custom:video-decoder-ogg-theora: a1e56fd34408186e4bbccfd4996cb3dc -> 
  custom:container-muxer-webm: aa71ff27fc2769a1b78a27578f13a17b -> 
  custom:container-demuxer-webm: 4f35f7cbe854078d1ac9338744f61a02 -> 
  custom:video-encoder-webm-vp8: eb34c28f22e8b96e1ab97ce403110664 -> 
  custom:video-codec-MediaFoundation-h265: 746d11721c4dcdbdad8f713fa42b33f4 -> 
  custom:audio-encoder-webm-vorbis: bf7c407c2cedff20999df2af8eb42d56 -> 
  custom:framework-win-MediaFoundation: 216162199b28c13a410421893ffa2e32 -> 
  custom:container-demuxer-ogg: 62fdf1f143b41e24485cea50d1cbac27 -> 
  custom:video-decoder-webm-vp8: 9c59270c3fd7afecdb556c50c9e8de78 -> 
  custom:audio-decoder-ogg-vorbis: bf7c407c2cedff20999df2af8eb42d56 -> 
========================================================================
Received Import Request.
  Time since last request: 112.384405 seconds.
  path: Assets/Game/Scripts/Manager/Singleton.cs
  artifactKey: Guid(2093930b31d6daa419597cb6e03620bf) Importer(815301076,1909f56bfc062723c751e8b465ee728b)
Start importing Assets/Game/Scripts/Manager/Singleton.cs using Guid(2093930b31d6daa419597cb6e03620bf) Importer(815301076,1909f56bfc062723c751e8b465ee728b)  -> (artifact id: '9e7f25946e8d117b1ac81411867338f9') in 0.013244 seconds 
========================================================================
Received Import Request.
  Time since last request: 16.967211 seconds.
  path: Assets/Game/Scripts/Manager/Singleton.cs
  artifactKey: Guid(2093930b31d6daa419597cb6e03620bf) Importer(815301076,1909f56bfc062723c751e8b465ee728b)
Start importing Assets/Game/Scripts/Manager/Singleton.cs using Guid(2093930b31d6daa419597cb6e03620bf) Importer(815301076,1909f56bfc062723c751e8b465ee728b)  -> (artifact id: 'e58bd8a159076ae8ecfdb1514123b8ca') in 0.002102 seconds 
========================================================================
Received Prepare
Registering precompiled user dll's ...
Registered in 0.002643 seconds.
Begin MonoManager ReloadAssembly
Symbol file LoadedFromMemory doesn't match image D:\Unity\Project\HB 3rd game MoveStopMove\MoveStopMove_MaiTheDuc\Library\PackageCache\com.unity.visualscripting@1.8.0\Editor\VisualScripting.Core\Dependencies\YamlDotNet\Unity.VisualScripting.YamlDotNet.dll
Symbol file LoadedFromMemory doesn't match image D:\Unity\Project\HB 3rd game MoveStopMove\MoveStopMove_MaiTheDuc\Library\PackageCache\com.unity.visualscripting@1.8.0\Editor\VisualScripting.Core\Dependencies\DotNetZip\Unity.VisualScripting.IonicZip.dll
Native extension for WindowsStandalone target not found
Native extension for Android target not found
Refreshing native plugins compatible for Editor in 0.77 ms, found 3 plugins.
Preloading 0 native plugins for Editor in 0.00 ms.
Mono: successfully reloaded assembly
- Completed reload, in  1.185 seconds
Domain Reload Profiling:
	ReloadAssembly (1186ms)
		BeginReloadAssembly (173ms)
			ExecutionOrderSort (0ms)
			DisableScriptedObjects (7ms)
			BackupInstance (0ms)
			ReleaseScriptingObjects (0ms)
			CreateAndSetChildDomain (55ms)
		EndReloadAssembly (876ms)
			LoadAssemblies (90ms)
			RebuildTransferFunctionScriptingTraits (0ms)
			SetupTypeCache (338ms)
			ReleaseScriptCaches (2ms)
			RebuildScriptCaches (54ms)
			SetupLoadedEditorAssemblies (328ms)
				LogAssemblyErrors (0ms)
				InitializePlatformSupportModulesInManaged (20ms)
				SetLoadedEditorAssemblies (0ms)
				RefreshPlugins (1ms)
				BeforeProcessingInitializeOnLoad (61ms)
				ProcessInitializeOnLoadAttributes (214ms)
				ProcessInitializeOnLoadMethodAttributes (29ms)
				AfterProcessingInitializeOnLoad (3ms)
				EditorAssembliesLoaded (0ms)
			ExecutionOrderSort2 (0ms)
			AwakeInstancesAfterBackupRestoration (5ms)
Platform modules already initialized, skipping
Refreshing native plugins compatible for Editor in 2.30 ms, found 3 plugins.
Preloading 0 native plugins for Editor in 0.00 ms.
Unloading 3397 Unused Serialized files (Serialized files now loaded: 0)
Unloading 20 unused Assets / (81.4 KB). Loaded Objects now: 3871.
Memory consumption went from 119.6 MB to 119.5 MB.
Total: 3.369800 ms (FindLiveObjects: 0.232500 ms CreateObjectMapping: 0.090200 ms MarkObjects: 2.906900 ms  DeleteObjects: 0.138800 ms)

AssetImportParameters requested are different than current active one (requested -> active):
  custom:video-decoder-ogg-theora: a1e56fd34408186e4bbccfd4996cb3dc -> 
  custom:container-muxer-webm: aa71ff27fc2769a1b78a27578f13a17b -> 
  custom:container-demuxer-webm: 4f35f7cbe854078d1ac9338744f61a02 -> 
  custom:video-encoder-webm-vp8: eb34c28f22e8b96e1ab97ce403110664 -> 
  custom:video-codec-MediaFoundation-h265: 746d11721c4dcdbdad8f713fa42b33f4 -> 
  custom:audio-encoder-webm-vorbis: bf7c407c2cedff20999df2af8eb42d56 -> 
  custom:framework-win-MediaFoundation: 216162199b28c13a410421893ffa2e32 -> 
  custom:container-demuxer-ogg: 62fdf1f143b41e24485cea50d1cbac27 -> 
  custom:video-decoder-webm-vp8: 9c59270c3fd7afecdb556c50c9e8de78 -> 
  custom:audio-decoder-ogg-vorbis: bf7c407c2cedff20999df2af8eb42d56 -> 
========================================================================
Received Import Request.
  Time since last request: 135.178372 seconds.
  path: Assets/Game/Scripts/StateMachine
  artifactKey: Guid(a9b5706da3d9908458283e2358a8978a) Importer(815301076,1909f56bfc062723c751e8b465ee728b)
Start importing Assets/Game/Scripts/StateMachine using Guid(a9b5706da3d9908458283e2358a8978a) Importer(815301076,1909f56bfc062723c751e8b465ee728b)  -> (artifact id: '61d9e0d469f6ae0e208cc3b645d2b42a') in 0.011080 seconds 
========================================================================
Received Import Request.
  Time since last request: 10.148962 seconds.
  path: Assets/Game/Scripts/StateMachine/State.cs
  artifactKey: Guid(c9933cb160c0bca458803c119ee7e317) Importer(815301076,1909f56bfc062723c751e8b465ee728b)
Start importing Assets/Game/Scripts/StateMachine/State.cs using Guid(c9933cb160c0bca458803c119ee7e317) Importer(815301076,1909f56bfc062723c751e8b465ee728b)  -> (artifact id: 'e091d9ae3b18b74851662998479ba9ff') in 0.005412 seconds 
========================================================================
Received Prepare
Registering precompiled user dll's ...
Registered in 0.002665 seconds.
Begin MonoManager ReloadAssembly
Symbol file LoadedFromMemory doesn't match image D:\Unity\Project\HB 3rd game MoveStopMove\MoveStopMove_MaiTheDuc\Library\PackageCache\com.unity.visualscripting@1.8.0\Editor\VisualScripting.Core\Dependencies\YamlDotNet\Unity.VisualScripting.YamlDotNet.dll
Symbol file LoadedFromMemory doesn't match image D:\Unity\Project\HB 3rd game MoveStopMove\MoveStopMove_MaiTheDuc\Library\PackageCache\com.unity.visualscripting@1.8.0\Editor\VisualScripting.Core\Dependencies\DotNetZip\Unity.VisualScripting.IonicZip.dll
Native extension for WindowsStandalone target not found
Native extension for Android target not found
Refreshing native plugins compatible for Editor in 0.93 ms, found 3 plugins.
Preloading 0 native plugins for Editor in 0.00 ms.
Mono: successfully reloaded assembly
- Completed reload, in  1.059 seconds
Domain Reload Profiling:
	ReloadAssembly (1059ms)
		BeginReloadAssembly (119ms)
			ExecutionOrderSort (0ms)
			DisableScriptedObjects (5ms)
			BackupInstance (0ms)
			ReleaseScriptingObjects (0ms)
			CreateAndSetChildDomain (39ms)
		EndReloadAssembly (858ms)
			LoadAssemblies (65ms)
			RebuildTransferFunctionScriptingTraits (0ms)
			SetupTypeCache (301ms)
			ReleaseScriptCaches (1ms)
			RebuildScriptCaches (37ms)
			SetupLoadedEditorAssemblies (401ms)
				LogAssemblyErrors (0ms)
				InitializePlatformSupportModulesInManaged (26ms)
				SetLoadedEditorAssemblies (1ms)
				RefreshPlugins (1ms)
				BeforeProcessingInitializeOnLoad (52ms)
				ProcessInitializeOnLoadAttributes (292ms)
				ProcessInitializeOnLoadMethodAttributes (27ms)
				AfterProcessingInitializeOnLoad (3ms)
				EditorAssembliesLoaded (0ms)
			ExecutionOrderSort2 (0ms)
			AwakeInstancesAfterBackupRestoration (5ms)
Platform modules already initialized, skipping
Refreshing native plugins compatible for Editor in 1.84 ms, found 3 plugins.
Preloading 0 native plugins for Editor in 0.00 ms.
Unloading 3398 Unused Serialized files (Serialized files now loaded: 0)
Unloading 20 unused Assets / (81.4 KB). Loaded Objects now: 3875.
Memory consumption went from 119.6 MB to 119.5 MB.
Total: 2.432900 ms (FindLiveObjects: 0.217500 ms CreateObjectMapping: 0.085300 ms MarkObjects: 2.026200 ms  DeleteObjects: 0.102600 ms)

AssetImportParameters requested are different than current active one (requested -> active):
  custom:video-decoder-ogg-theora: a1e56fd34408186e4bbccfd4996cb3dc -> 
  custom:container-muxer-webm: aa71ff27fc2769a1b78a27578f13a17b -> 
  custom:container-demuxer-webm: 4f35f7cbe854078d1ac9338744f61a02 -> 
  custom:video-encoder-webm-vp8: eb34c28f22e8b96e1ab97ce403110664 -> 
  custom:video-codec-MediaFoundation-h265: 746d11721c4dcdbdad8f713fa42b33f4 -> 
  custom:audio-encoder-webm-vorbis: bf7c407c2cedff20999df2af8eb42d56 -> 
  custom:framework-win-MediaFoundation: 216162199b28c13a410421893ffa2e32 -> 
  custom:container-demuxer-ogg: 62fdf1f143b41e24485cea50d1cbac27 -> 
  custom:video-decoder-webm-vp8: 9c59270c3fd7afecdb556c50c9e8de78 -> 
  custom:audio-decoder-ogg-vorbis: bf7c407c2cedff20999df2af8eb42d56 -> 
========================================================================
Received Import Request.
  Time since last request: 30.270758 seconds.
  path: Assets/Game/Scripts/StateMachine/State.cs
  artifactKey: Guid(c9933cb160c0bca458803c119ee7e317) Importer(815301076,1909f56bfc062723c751e8b465ee728b)
Start importing Assets/Game/Scripts/StateMachine/State.cs using Guid(c9933cb160c0bca458803c119ee7e317) Importer(815301076,1909f56bfc062723c751e8b465ee728b)  -> (artifact id: '27418a597e10e62c3f5f6858b14a648f') in 0.007191 seconds 
========================================================================
Received Prepare
Registering precompiled user dll's ...
Registered in 0.006205 seconds.
Begin MonoManager ReloadAssembly
Symbol file LoadedFromMemory doesn't match image D:\Unity\Project\HB 3rd game MoveStopMove\MoveStopMove_MaiTheDuc\Library\PackageCache\com.unity.visualscripting@1.8.0\Editor\VisualScripting.Core\Dependencies\YamlDotNet\Unity.VisualScripting.YamlDotNet.dll
Symbol file LoadedFromMemory doesn't match image D:\Unity\Project\HB 3rd game MoveStopMove\MoveStopMove_MaiTheDuc\Library\PackageCache\com.unity.visualscripting@1.8.0\Editor\VisualScripting.Core\Dependencies\DotNetZip\Unity.VisualScripting.IonicZip.dll
Native extension for WindowsStandalone target not found
Native extension for Android target not found
Refreshing native plugins compatible for Editor in 0.77 ms, found 3 plugins.
Preloading 0 native plugins for Editor in 0.00 ms.
Mono: successfully reloaded assembly
- Completed reload, in  1.118 seconds
Domain Reload Profiling:
	ReloadAssembly (1119ms)
		BeginReloadAssembly (152ms)
			ExecutionOrderSort (0ms)
			DisableScriptedObjects (7ms)
			BackupInstance (0ms)
			ReleaseScriptingObjects (0ms)
			CreateAndSetChildDomain (46ms)
		EndReloadAssembly (865ms)
			LoadAssemblies (85ms)
			RebuildTransferFunctionScriptingTraits (0ms)
			SetupTypeCache (346ms)
			ReleaseScriptCaches (3ms)
			RebuildScriptCaches (59ms)
			SetupLoadedEditorAssemblies (313ms)
				LogAssemblyErrors (0ms)
				InitializePlatformSupportModulesInManaged (27ms)
				SetLoadedEditorAssemblies (0ms)
				RefreshPlugins (1ms)
				BeforeProcessingInitializeOnLoad (64ms)
				ProcessInitializeOnLoadAttributes (197ms)
				ProcessInitializeOnLoadMethodAttributes (21ms)
				AfterProcessingInitializeOnLoad (2ms)
				EditorAssembliesLoaded (0ms)
			ExecutionOrderSort2 (0ms)
			AwakeInstancesAfterBackupRestoration (6ms)
Platform modules already initialized, skipping
Refreshing native plugins compatible for Editor in 2.59 ms, found 3 plugins.
Preloading 0 native plugins for Editor in 0.00 ms.
Unloading 3398 Unused Serialized files (Serialized files now loaded: 0)
Unloading 20 unused Assets / (81.3 KB). Loaded Objects now: 3878.
Memory consumption went from 119.6 MB to 119.5 MB.
Total: 3.406500 ms (FindLiveObjects: 0.282700 ms CreateObjectMapping: 0.151000 ms MarkObjects: 2.836400 ms  DeleteObjects: 0.134900 ms)

AssetImportParameters requested are different than current active one (requested -> active):
  custom:video-decoder-ogg-theora: a1e56fd34408186e4bbccfd4996cb3dc -> 
  custom:container-muxer-webm: aa71ff27fc2769a1b78a27578f13a17b -> 
  custom:container-demuxer-webm: 4f35f7cbe854078d1ac9338744f61a02 -> 
  custom:video-encoder-webm-vp8: eb34c28f22e8b96e1ab97ce403110664 -> 
  custom:video-codec-MediaFoundation-h265: 746d11721c4dcdbdad8f713fa42b33f4 -> 
  custom:audio-encoder-webm-vorbis: bf7c407c2cedff20999df2af8eb42d56 -> 
  custom:framework-win-MediaFoundation: 216162199b28c13a410421893ffa2e32 -> 
  custom:container-demuxer-ogg: 62fdf1f143b41e24485cea50d1cbac27 -> 
  custom:video-decoder-webm-vp8: 9c59270c3fd7afecdb556c50c9e8de78 -> 
  custom:audio-decoder-ogg-vorbis: bf7c407c2cedff20999df2af8eb42d56 -> 
========================================================================
Received Import Request.
  Time since last request: 126.053533 seconds.
  path: Assets/Game/Scripts/StateMachine/State.cs
  artifactKey: Guid(c9933cb160c0bca458803c119ee7e317) Importer(815301076,1909f56bfc062723c751e8b465ee728b)
Start importing Assets/Game/Scripts/StateMachine/State.cs using Guid(c9933cb160c0bca458803c119ee7e317) Importer(815301076,1909f56bfc062723c751e8b465ee728b)  -> (artifact id: 'c1b8561d4219d17e7cd10dbd6f03ef1f') in 0.007156 seconds 
========================================================================
Received Import Request.
  Time since last request: 19.449628 seconds.
  path: Assets/Game/Scripts/StateMachine/StateMachine.cs
  artifactKey: Guid(41a0203f4920b4a4db8aba88ef2b7dee) Importer(815301076,1909f56bfc062723c751e8b465ee728b)
Start importing Assets/Game/Scripts/StateMachine/StateMachine.cs using Guid(41a0203f4920b4a4db8aba88ef2b7dee) Importer(815301076,1909f56bfc062723c751e8b465ee728b)  -> (artifact id: '19c7c77a8809d43d1cc4ec4e3e492b7d') in 0.001860 seconds 
========================================================================
Received Prepare
Registering precompiled user dll's ...
Registered in 0.002659 seconds.
Begin MonoManager ReloadAssembly
Symbol file LoadedFromMemory doesn't match image D:\Unity\Project\HB 3rd game MoveStopMove\MoveStopMove_MaiTheDuc\Library\PackageCache\com.unity.visualscripting@1.8.0\Editor\VisualScripting.Core\Dependencies\YamlDotNet\Unity.VisualScripting.YamlDotNet.dll
Symbol file LoadedFromMemory doesn't match image D:\Unity\Project\HB 3rd game MoveStopMove\MoveStopMove_MaiTheDuc\Library\PackageCache\com.unity.visualscripting@1.8.0\Editor\VisualScripting.Core\Dependencies\DotNetZip\Unity.VisualScripting.IonicZip.dll
Native extension for WindowsStandalone target not found
Native extension for Android target not found
Refreshing native plugins compatible for Editor in 0.94 ms, found 3 plugins.
Preloading 0 native plugins for Editor in 0.00 ms.
Mono: successfully reloaded assembly
- Completed reload, in  0.964 seconds
Domain Reload Profiling:
	ReloadAssembly (964ms)
		BeginReloadAssembly (122ms)
			ExecutionOrderSort (0ms)
			DisableScriptedObjects (4ms)
			BackupInstance (0ms)
			ReleaseScriptingObjects (0ms)
			CreateAndSetChildDomain (38ms)
		EndReloadAssembly (765ms)
			LoadAssemblies (78ms)
			RebuildTransferFunctionScriptingTraits (0ms)
			SetupTypeCache (313ms)
			ReleaseScriptCaches (2ms)
			RebuildScriptCaches (43ms)
			SetupLoadedEditorAssemblies (285ms)
				LogAssemblyErrors (0ms)
				InitializePlatformSupportModulesInManaged (22ms)
				SetLoadedEditorAssemblies (0ms)
				RefreshPlugins (1ms)
				BeforeProcessingInitializeOnLoad (51ms)
				ProcessInitializeOnLoadAttributes (183ms)
				ProcessInitializeOnLoadMethodAttributes (25ms)
				AfterProcessingInitializeOnLoad (2ms)
				EditorAssembliesLoaded (0ms)
			ExecutionOrderSort2 (0ms)
			AwakeInstancesAfterBackupRestoration (5ms)
Platform modules already initialized, skipping
Refreshing native plugins compatible for Editor in 2.34 ms, found 3 plugins.
Preloading 0 native plugins for Editor in 0.00 ms.
Unloading 3399 Unused Serialized files (Serialized files now loaded: 0)
Unloading 20 unused Assets / (81.4 KB). Loaded Objects now: 3882.
Memory consumption went from 119.6 MB to 119.6 MB.
Total: 3.746000 ms (FindLiveObjects: 0.391000 ms CreateObjectMapping: 0.239000 ms MarkObjects: 2.993400 ms  DeleteObjects: 0.121400 ms)

AssetImportParameters requested are different than current active one (requested -> active):
  custom:video-decoder-ogg-theora: a1e56fd34408186e4bbccfd4996cb3dc -> 
  custom:container-muxer-webm: aa71ff27fc2769a1b78a27578f13a17b -> 
  custom:container-demuxer-webm: 4f35f7cbe854078d1ac9338744f61a02 -> 
  custom:video-encoder-webm-vp8: eb34c28f22e8b96e1ab97ce403110664 -> 
  custom:video-codec-MediaFoundation-h265: 746d11721c4dcdbdad8f713fa42b33f4 -> 
  custom:audio-encoder-webm-vorbis: bf7c407c2cedff20999df2af8eb42d56 -> 
  custom:framework-win-MediaFoundation: 216162199b28c13a410421893ffa2e32 -> 
  custom:container-demuxer-ogg: 62fdf1f143b41e24485cea50d1cbac27 -> 
  custom:video-decoder-webm-vp8: 9c59270c3fd7afecdb556c50c9e8de78 -> 
  custom:audio-decoder-ogg-vorbis: bf7c407c2cedff20999df2af8eb42d56 -> 
========================================================================
Received Import Request.
  Time since last request: 15.084124 seconds.
  path: Assets/Game/Scripts/StateMachine/StateMachine.cs
  artifactKey: Guid(41a0203f4920b4a4db8aba88ef2b7dee) Importer(815301076,1909f56bfc062723c751e8b465ee728b)
Start importing Assets/Game/Scripts/StateMachine/StateMachine.cs using Guid(41a0203f4920b4a4db8aba88ef2b7dee) Importer(815301076,1909f56bfc062723c751e8b465ee728b)  -> (artifact id: 'c6592a6e48c1cdec805ad6361c025164') in 0.006827 seconds 
========================================================================
Received Prepare
Registering precompiled user dll's ...
Registered in 0.003004 seconds.
Begin MonoManager ReloadAssembly
Symbol file LoadedFromMemory doesn't match image D:\Unity\Project\HB 3rd game MoveStopMove\MoveStopMove_MaiTheDuc\Library\PackageCache\com.unity.visualscripting@1.8.0\Editor\VisualScripting.Core\Dependencies\YamlDotNet\Unity.VisualScripting.YamlDotNet.dll
Symbol file LoadedFromMemory doesn't match image D:\Unity\Project\HB 3rd game MoveStopMove\MoveStopMove_MaiTheDuc\Library\PackageCache\com.unity.visualscripting@1.8.0\Editor\VisualScripting.Core\Dependencies\DotNetZip\Unity.VisualScripting.IonicZip.dll
Native extension for WindowsStandalone target not found
Native extension for Android target not found
Refreshing native plugins compatible for Editor in 1.00 ms, found 3 plugins.
Preloading 0 native plugins for Editor in 0.00 ms.
Mono: successfully reloaded assembly
- Completed reload, in  1.098 seconds
Domain Reload Profiling:
	ReloadAssembly (1099ms)
		BeginReloadAssembly (136ms)
			ExecutionOrderSort (0ms)
			DisableScriptedObjects (7ms)
			BackupInstance (0ms)
			ReleaseScriptingObjects (0ms)
			CreateAndSetChildDomain (42ms)
		EndReloadAssembly (858ms)
			LoadAssemblies (79ms)
			RebuildTransferFunctionScriptingTraits (0ms)
			SetupTypeCache (330ms)
			ReleaseScriptCaches (3ms)
			RebuildScriptCaches (51ms)
			SetupLoadedEditorAssemblies (352ms)
				LogAssemblyErrors (0ms)
				InitializePlatformSupportModulesInManaged (25ms)
				SetLoadedEditorAssemblies (0ms)
				RefreshPlugins (1ms)
				BeforeProcessingInitializeOnLoad (63ms)
				ProcessInitializeOnLoadAttributes (235ms)
				ProcessInitializeOnLoadMethodAttributes (24ms)
				AfterProcessingInitializeOnLoad (3ms)
				EditorAssembliesLoaded (0ms)
			ExecutionOrderSort2 (0ms)
			AwakeInstancesAfterBackupRestoration (6ms)
Platform modules already initialized, skipping
Refreshing native plugins compatible for Editor in 2.40 ms, found 3 plugins.
Preloading 0 native plugins for Editor in 0.00 ms.
Unloading 3399 Unused Serialized files (Serialized files now loaded: 0)
Unloading 20 unused Assets / (81.3 KB). Loaded Objects now: 3885.
Memory consumption went from 119.7 MB to 119.6 MB.
Total: 4.196700 ms (FindLiveObjects: 0.228700 ms CreateObjectMapping: 0.090100 ms MarkObjects: 3.651200 ms  DeleteObjects: 0.224800 ms)

AssetImportParameters requested are different than current active one (requested -> active):
  custom:video-decoder-ogg-theora: a1e56fd34408186e4bbccfd4996cb3dc -> 
  custom:container-muxer-webm: aa71ff27fc2769a1b78a27578f13a17b -> 
  custom:container-demuxer-webm: 4f35f7cbe854078d1ac9338744f61a02 -> 
  custom:video-encoder-webm-vp8: eb34c28f22e8b96e1ab97ce403110664 -> 
  custom:video-codec-MediaFoundation-h265: 746d11721c4dcdbdad8f713fa42b33f4 -> 
  custom:audio-encoder-webm-vorbis: bf7c407c2cedff20999df2af8eb42d56 -> 
  custom:framework-win-MediaFoundation: 216162199b28c13a410421893ffa2e32 -> 
  custom:container-demuxer-ogg: 62fdf1f143b41e24485cea50d1cbac27 -> 
  custom:video-decoder-webm-vp8: 9c59270c3fd7afecdb556c50c9e8de78 -> 
  custom:audio-decoder-ogg-vorbis: bf7c407c2cedff20999df2af8eb42d56 -> 
========================================================================
Received Import Request.
  Time since last request: 21.270163 seconds.
  path: Assets/Game/Scripts/StateMachine/Player
  artifactKey: Guid(ce6db8e89678ad74584037acbe3e2e4a) Importer(815301076,1909f56bfc062723c751e8b465ee728b)
Start importing Assets/Game/Scripts/StateMachine/Player using Guid(ce6db8e89678ad74584037acbe3e2e4a) Importer(815301076,1909f56bfc062723c751e8b465ee728b)  -> (artifact id: 'ce3f5cfdd00819b3ccb4661350e4e2fc') in 0.010844 seconds 
========================================================================
Received Prepare
Registering precompiled user dll's ...
Registered in 0.003921 seconds.
Begin MonoManager ReloadAssembly
Symbol file LoadedFromMemory doesn't match image D:\Unity\Project\HB 3rd game MoveStopMove\MoveStopMove_MaiTheDuc\Library\PackageCache\com.unity.visualscripting@1.8.0\Editor\VisualScripting.Core\Dependencies\YamlDotNet\Unity.VisualScripting.YamlDotNet.dll
Symbol file LoadedFromMemory doesn't match image D:\Unity\Project\HB 3rd game MoveStopMove\MoveStopMove_MaiTheDuc\Library\PackageCache\com.unity.visualscripting@1.8.0\Editor\VisualScripting.Core\Dependencies\DotNetZip\Unity.VisualScripting.IonicZip.dll
Native extension for WindowsStandalone target not found
Native extension for Android target not found
Refreshing native plugins compatible for Editor in 0.81 ms, found 3 plugins.
Preloading 0 native plugins for Editor in 0.00 ms.
Mono: successfully reloaded assembly
- Completed reload, in  0.885 seconds
Domain Reload Profiling:
	ReloadAssembly (888ms)
		BeginReloadAssembly (118ms)
			ExecutionOrderSort (0ms)
			DisableScriptedObjects (4ms)
			BackupInstance (0ms)
			ReleaseScriptingObjects (0ms)
			CreateAndSetChildDomain (38ms)
		EndReloadAssembly (688ms)
			LoadAssemblies (69ms)
			RebuildTransferFunctionScriptingTraits (0ms)
			SetupTypeCache (261ms)
			ReleaseScriptCaches (1ms)
			RebuildScriptCaches (36ms)
			SetupLoadedEditorAssemblies (278ms)
				LogAssemblyErrors (0ms)
				InitializePlatformSupportModulesInManaged (23ms)
				SetLoadedEditorAssemblies (0ms)
				RefreshPlugins (1ms)
				BeforeProcessingInitializeOnLoad (51ms)
				ProcessInitializeOnLoadAttributes (178ms)
				ProcessInitializeOnLoadMethodAttributes (22ms)
				AfterProcessingInitializeOnLoad (2ms)
				EditorAssembliesLoaded (0ms)
			ExecutionOrderSort2 (0ms)
			AwakeInstancesAfterBackupRestoration (5ms)
Platform modules already initialized, skipping
Refreshing native plugins compatible for Editor in 1.61 ms, found 3 plugins.
Preloading 0 native plugins for Editor in 0.00 ms.
Unloading 3399 Unused Serialized files (Serialized files now loaded: 0)
Unloading 20 unused Assets / (81.3 KB). Loaded Objects now: 3888.
Memory consumption went from 119.7 MB to 119.6 MB.
Total: 2.402100 ms (FindLiveObjects: 0.224800 ms CreateObjectMapping: 0.084300 ms MarkObjects: 1.993300 ms  DeleteObjects: 0.098700 ms)

AssetImportParameters requested are different than current active one (requested -> active):
  custom:video-decoder-ogg-theora: a1e56fd34408186e4bbccfd4996cb3dc -> 
  custom:container-muxer-webm: aa71ff27fc2769a1b78a27578f13a17b -> 
  custom:container-demuxer-webm: 4f35f7cbe854078d1ac9338744f61a02 -> 
  custom:video-encoder-webm-vp8: eb34c28f22e8b96e1ab97ce403110664 -> 
  custom:video-codec-MediaFoundation-h265: 746d11721c4dcdbdad8f713fa42b33f4 -> 
  custom:audio-encoder-webm-vorbis: bf7c407c2cedff20999df2af8eb42d56 -> 
  custom:framework-win-MediaFoundation: 216162199b28c13a410421893ffa2e32 -> 
  custom:container-demuxer-ogg: 62fdf1f143b41e24485cea50d1cbac27 -> 
  custom:video-decoder-webm-vp8: 9c59270c3fd7afecdb556c50c9e8de78 -> 
  custom:audio-decoder-ogg-vorbis: bf7c407c2cedff20999df2af8eb42d56 -> 
========================================================================
Received Import Request.
  Time since last request: 329.447974 seconds.
  path: Assets/Game/Scripts/CameraFollow.cs
  artifactKey: Guid(499d066411d474d41bdfebcc30b81bb5) Importer(815301076,1909f56bfc062723c751e8b465ee728b)
Start importing Assets/Game/Scripts/CameraFollow.cs using Guid(499d066411d474d41bdfebcc30b81bb5) Importer(815301076,1909f56bfc062723c751e8b465ee728b)  -> (artifact id: 'aafbceca5a89d2763c1e67f47a506ca9') in 0.011744 seconds 
========================================================================
Received Prepare
Registering precompiled user dll's ...
Registered in 0.002591 seconds.
Begin MonoManager ReloadAssembly
Symbol file LoadedFromMemory doesn't match image D:\Unity\Project\HB 3rd game MoveStopMove\MoveStopMove_MaiTheDuc\Library\PackageCache\com.unity.visualscripting@1.8.0\Editor\VisualScripting.Core\Dependencies\YamlDotNet\Unity.VisualScripting.YamlDotNet.dll
Symbol file LoadedFromMemory doesn't match image D:\Unity\Project\HB 3rd game MoveStopMove\MoveStopMove_MaiTheDuc\Library\PackageCache\com.unity.visualscripting@1.8.0\Editor\VisualScripting.Core\Dependencies\DotNetZip\Unity.VisualScripting.IonicZip.dll
Native extension for WindowsStandalone target not found
Native extension for Android target not found
Refreshing native plugins compatible for Editor in 1.12 ms, found 3 plugins.
Preloading 0 native plugins for Editor in 0.00 ms.
Mono: successfully reloaded assembly
- Completed reload, in  1.013 seconds
Domain Reload Profiling:
	ReloadAssembly (1014ms)
		BeginReloadAssembly (129ms)
			ExecutionOrderSort (0ms)
			DisableScriptedObjects (5ms)
			BackupInstance (0ms)
			ReleaseScriptingObjects (0ms)
			CreateAndSetChildDomain (40ms)
		EndReloadAssembly (780ms)
			LoadAssemblies (77ms)
			RebuildTransferFunctionScriptingTraits (0ms)
			SetupTypeCache (323ms)
			ReleaseScriptCaches (2ms)
			RebuildScriptCaches (51ms)
			SetupLoadedEditorAssemblies (286ms)
				LogAssemblyErrors (0ms)
				InitializePlatformSupportModulesInManaged (23ms)
				SetLoadedEditorAssemblies (0ms)
				RefreshPlugins (1ms)
				BeforeProcessingInitializeOnLoad (56ms)
				ProcessInitializeOnLoadAttributes (181ms)
				ProcessInitializeOnLoadMethodAttributes (22ms)
				AfterProcessingInitializeOnLoad (3ms)
				EditorAssembliesLoaded (0ms)
			ExecutionOrderSort2 (0ms)
			AwakeInstancesAfterBackupRestoration (6ms)
Platform modules already initialized, skipping
Refreshing native plugins compatible for Editor in 2.26 ms, found 3 plugins.
Preloading 0 native plugins for Editor in 0.00 ms.
Unloading 3400 Unused Serialized files (Serialized files now loaded: 0)
Unloading 20 unused Assets / (81.4 KB). Loaded Objects now: 3892.
Memory consumption went from 119.7 MB to 119.6 MB.
Total: 2.812400 ms (FindLiveObjects: 0.233300 ms CreateObjectMapping: 0.082900 ms MarkObjects: 2.340900 ms  DeleteObjects: 0.153500 ms)

AssetImportParameters requested are different than current active one (requested -> active):
  custom:video-decoder-ogg-theora: a1e56fd34408186e4bbccfd4996cb3dc -> 
  custom:container-muxer-webm: aa71ff27fc2769a1b78a27578f13a17b -> 
  custom:container-demuxer-webm: 4f35f7cbe854078d1ac9338744f61a02 -> 
  custom:video-encoder-webm-vp8: eb34c28f22e8b96e1ab97ce403110664 -> 
  custom:video-codec-MediaFoundation-h265: 746d11721c4dcdbdad8f713fa42b33f4 -> 
  custom:audio-encoder-webm-vorbis: bf7c407c2cedff20999df2af8eb42d56 -> 
  custom:framework-win-MediaFoundation: 216162199b28c13a410421893ffa2e32 -> 
  custom:container-demuxer-ogg: 62fdf1f143b41e24485cea50d1cbac27 -> 
  custom:video-decoder-webm-vp8: 9c59270c3fd7afecdb556c50c9e8de78 -> 
  custom:audio-decoder-ogg-vorbis: bf7c407c2cedff20999df2af8eb42d56 -> 
========================================================================
Received Import Request.
  Time since last request: 18.041365 seconds.
  path: Assets/Game/Scripts/CameraFollow.cs
  artifactKey: Guid(499d066411d474d41bdfebcc30b81bb5) Importer(815301076,1909f56bfc062723c751e8b465ee728b)
Start importing Assets/Game/Scripts/CameraFollow.cs using Guid(499d066411d474d41bdfebcc30b81bb5) Importer(815301076,1909f56bfc062723c751e8b465ee728b)  -> (artifact id: '00000000000000000000000000000000') in 0.001611 seconds  code(4) message(Build asset version error: assets/game/scripts/camerafollow.cs in SourceAssetDB has modification time of '2023-06-03T02:57:31.5212759Z' while content on disk has modification time of '2023-06-03T02:57:31.7101738Z')
  ERROR: Build asset version error: assets/game/scripts/camerafollow.cs in SourceAssetDB has modification time of '2023-06-03T02:57:31.5212759Z' while content on disk has modification time of '2023-06-03T02:57:31.7101738Z'
========================================================================
Received Import Request.
  Time since last request: 4.710692 seconds.
  path: Assets/Game/Scripts/CameraFollow.cs
  artifactKey: Guid(499d066411d474d41bdfebcc30b81bb5) Importer(815301076,1909f56bfc062723c751e8b465ee728b)
Start importing Assets/Game/Scripts/CameraFollow.cs using Guid(499d066411d474d41bdfebcc30b81bb5) Importer(815301076,1909f56bfc062723c751e8b465ee728b)  -> (artifact id: '00000000000000000000000000000000') in 0.001216 seconds  code(4) message(Build asset version error: assets/game/scripts/camerafollow.cs in SourceAssetDB has modification time of '2023-06-03T02:57:36.2820047Z' while content on disk has modification time of '2023-06-03T02:57:36.4845439Z')
  ERROR: Build asset version error: assets/game/scripts/camerafollow.cs in SourceAssetDB has modification time of '2023-06-03T02:57:36.2820047Z' while content on disk has modification time of '2023-06-03T02:57:36.4845439Z'
========================================================================
Received Prepare
Registering precompiled user dll's ...
Registered in 0.002730 seconds.
Begin MonoManager ReloadAssembly
Symbol file LoadedFromMemory doesn't match image D:\Unity\Project\HB 3rd game MoveStopMove\MoveStopMove_MaiTheDuc\Library\PackageCache\com.unity.visualscripting@1.8.0\Editor\VisualScripting.Core\Dependencies\YamlDotNet\Unity.VisualScripting.YamlDotNet.dll
Symbol file LoadedFromMemory doesn't match image D:\Unity\Project\HB 3rd game MoveStopMove\MoveStopMove_MaiTheDuc\Library\PackageCache\com.unity.visualscripting@1.8.0\Editor\VisualScripting.Core\Dependencies\DotNetZip\Unity.VisualScripting.IonicZip.dll
Native extension for WindowsStandalone target not found
Native extension for Android target not found
Refreshing native plugins compatible for Editor in 0.80 ms, found 3 plugins.
Preloading 0 native plugins for Editor in 0.00 ms.
Mono: successfully reloaded assembly
- Completed reload, in  0.948 seconds
Domain Reload Profiling:
	ReloadAssembly (949ms)
		BeginReloadAssembly (131ms)
			ExecutionOrderSort (0ms)
			DisableScriptedObjects (7ms)
			BackupInstance (0ms)
			ReleaseScriptingObjects (0ms)
			CreateAndSetChildDomain (40ms)
		EndReloadAssembly (725ms)
			LoadAssemblies (66ms)
			RebuildTransferFunctionScriptingTraits (0ms)
			SetupTypeCache (292ms)
			ReleaseScriptCaches (3ms)
			RebuildScriptCaches (55ms)
			SetupLoadedEditorAssemblies (252ms)
				LogAssemblyErrors (0ms)
				InitializePlatformSupportModulesInManaged (21ms)
				SetLoadedEditorAssemblies (0ms)
				RefreshPlugins (1ms)
				BeforeProcessingInitializeOnLoad (51ms)
				ProcessInitializeOnLoadAttributes (159ms)
				ProcessInitializeOnLoadMethodAttributes (18ms)
				AfterProcessingInitializeOnLoad (2ms)
				EditorAssembliesLoaded (0ms)
			ExecutionOrderSort2 (0ms)
			AwakeInstancesAfterBackupRestoration (5ms)
Platform modules already initialized, skipping
Refreshing native plugins compatible for Editor in 2.13 ms, found 3 plugins.
Preloading 0 native plugins for Editor in 0.00 ms.
Unloading 3400 Unused Serialized files (Serialized files now loaded: 0)
Unloading 20 unused Assets / (81.3 KB). Loaded Objects now: 3895.
Memory consumption went from 119.7 MB to 119.6 MB.
Total: 2.707200 ms (FindLiveObjects: 0.203000 ms CreateObjectMapping: 0.069200 ms MarkObjects: 2.335400 ms  DeleteObjects: 0.098500 ms)

AssetImportParameters requested are different than current active one (requested -> active):
  custom:video-decoder-ogg-theora: a1e56fd34408186e4bbccfd4996cb3dc -> 
  custom:container-muxer-webm: aa71ff27fc2769a1b78a27578f13a17b -> 
  custom:container-demuxer-webm: 4f35f7cbe854078d1ac9338744f61a02 -> 
  custom:video-encoder-webm-vp8: eb34c28f22e8b96e1ab97ce403110664 -> 
  custom:video-codec-MediaFoundation-h265: 746d11721c4dcdbdad8f713fa42b33f4 -> 
  custom:audio-encoder-webm-vorbis: bf7c407c2cedff20999df2af8eb42d56 -> 
  custom:framework-win-MediaFoundation: 216162199b28c13a410421893ffa2e32 -> 
  custom:container-demuxer-ogg: 62fdf1f143b41e24485cea50d1cbac27 -> 
  custom:video-decoder-webm-vp8: 9c59270c3fd7afecdb556c50c9e8de78 -> 
  custom:audio-decoder-ogg-vorbis: bf7c407c2cedff20999df2af8eb42d56 -> 
========================================================================
Received Prepare
Registering precompiled user dll's ...
Registered in 0.003973 seconds.
Begin MonoManager ReloadAssembly
Symbol file LoadedFromMemory doesn't match image D:\Unity\Project\HB 3rd game MoveStopMove\MoveStopMove_MaiTheDuc\Library\PackageCache\com.unity.visualscripting@1.8.0\Editor\VisualScripting.Core\Dependencies\YamlDotNet\Unity.VisualScripting.YamlDotNet.dll
Symbol file LoadedFromMemory doesn't match image D:\Unity\Project\HB 3rd game MoveStopMove\MoveStopMove_MaiTheDuc\Library\PackageCache\com.unity.visualscripting@1.8.0\Editor\VisualScripting.Core\Dependencies\DotNetZip\Unity.VisualScripting.IonicZip.dll
Native extension for WindowsStandalone target not found
Native extension for Android target not found
Refreshing native plugins compatible for Editor in 0.86 ms, found 3 plugins.
Preloading 0 native plugins for Editor in 0.00 ms.
Mono: successfully reloaded assembly
- Completed reload, in  0.979 seconds
Domain Reload Profiling:
	ReloadAssembly (980ms)
		BeginReloadAssembly (125ms)
			ExecutionOrderSort (0ms)
			DisableScriptedObjects (4ms)
			BackupInstance (0ms)
			ReleaseScriptingObjects (0ms)
			CreateAndSetChildDomain (42ms)
		EndReloadAssembly (756ms)
			LoadAssemblies (63ms)
			RebuildTransferFunctionScriptingTraits (0ms)
			SetupTypeCache (282ms)
			ReleaseScriptCaches (2ms)
			RebuildScriptCaches (39ms)
			SetupLoadedEditorAssemblies (322ms)
				LogAssemblyErrors (0ms)
				InitializePlatformSupportModulesInManaged (21ms)
				SetLoadedEditorAssemblies (0ms)
				RefreshPlugins (1ms)
				BeforeProcessingInitializeOnLoad (64ms)
				ProcessInitializeOnLoadAttributes (206ms)
				ProcessInitializeOnLoadMethodAttributes (27ms)
				AfterProcessingInitializeOnLoad (3ms)
				EditorAssembliesLoaded (0ms)
			ExecutionOrderSort2 (0ms)
			AwakeInstancesAfterBackupRestoration (7ms)
Platform modules already initialized, skipping
Refreshing native plugins compatible for Editor in 1.57 ms, found 3 plugins.
Preloading 0 native plugins for Editor in 0.00 ms.
Unloading 3400 Unused Serialized files (Serialized files now loaded: 0)
Unloading 20 unused Assets / (81.3 KB). Loaded Objects now: 3898.
Memory consumption went from 119.7 MB to 119.6 MB.
Total: 2.447100 ms (FindLiveObjects: 0.229200 ms CreateObjectMapping: 0.092000 ms MarkObjects: 2.027200 ms  DeleteObjects: 0.097500 ms)

AssetImportParameters requested are different than current active one (requested -> active):
  custom:video-decoder-ogg-theora: a1e56fd34408186e4bbccfd4996cb3dc -> 
  custom:container-muxer-webm: aa71ff27fc2769a1b78a27578f13a17b -> 
  custom:container-demuxer-webm: 4f35f7cbe854078d1ac9338744f61a02 -> 
  custom:video-encoder-webm-vp8: eb34c28f22e8b96e1ab97ce403110664 -> 
  custom:video-codec-MediaFoundation-h265: 746d11721c4dcdbdad8f713fa42b33f4 -> 
  custom:audio-encoder-webm-vorbis: bf7c407c2cedff20999df2af8eb42d56 -> 
  custom:framework-win-MediaFoundation: 216162199b28c13a410421893ffa2e32 -> 
  custom:container-demuxer-ogg: 62fdf1f143b41e24485cea50d1cbac27 -> 
  custom:video-decoder-webm-vp8: 9c59270c3fd7afecdb556c50c9e8de78 -> 
  custom:audio-decoder-ogg-vorbis: bf7c407c2cedff20999df2af8eb42d56 -> 
========================================================================
Received Import Request.
  Time since last request: 85.323049 seconds.
  path: Assets/Game/Scripts/Character
  artifactKey: Guid(cb818c7fc5715bd4fbec02c7c8522f18) Importer(815301076,1909f56bfc062723c751e8b465ee728b)
Start importing Assets/Game/Scripts/Character using Guid(cb818c7fc5715bd4fbec02c7c8522f18) Importer(815301076,1909f56bfc062723c751e8b465ee728b)  -> (artifact id: '5608d0cbe1c08b79252366ce84a8867c') in 0.011322 seconds 
========================================================================
Received Prepare
Registering precompiled user dll's ...
Registered in 0.003594 seconds.
Begin MonoManager ReloadAssembly
Symbol file LoadedFromMemory doesn't match image D:\Unity\Project\HB 3rd game MoveStopMove\MoveStopMove_MaiTheDuc\Library\PackageCache\com.unity.visualscripting@1.8.0\Editor\VisualScripting.Core\Dependencies\YamlDotNet\Unity.VisualScripting.YamlDotNet.dll
Symbol file LoadedFromMemory doesn't match image D:\Unity\Project\HB 3rd game MoveStopMove\MoveStopMove_MaiTheDuc\Library\PackageCache\com.unity.visualscripting@1.8.0\Editor\VisualScripting.Core\Dependencies\DotNetZip\Unity.VisualScripting.IonicZip.dll
Native extension for WindowsStandalone target not found
Native extension for Android target not found
Refreshing native plugins compatible for Editor in 1.15 ms, found 3 plugins.
Preloading 0 native plugins for Editor in 0.00 ms.
Mono: successfully reloaded assembly
- Completed reload, in  1.042 seconds
Domain Reload Profiling:
	ReloadAssembly (1043ms)
		BeginReloadAssembly (122ms)
			ExecutionOrderSort (0ms)
			DisableScriptedObjects (4ms)
			BackupInstance (0ms)
			ReleaseScriptingObjects (0ms)
			CreateAndSetChildDomain (41ms)
		EndReloadAssembly (836ms)
			LoadAssemblies (66ms)
			RebuildTransferFunctionScriptingTraits (0ms)
			SetupTypeCache (381ms)
			ReleaseScriptCaches (2ms)
			RebuildScriptCaches (46ms)
			SetupLoadedEditorAssemblies (289ms)
				LogAssemblyErrors (0ms)
				InitializePlatformSupportModulesInManaged (21ms)
				SetLoadedEditorAssemblies (0ms)
				RefreshPlugins (1ms)
				BeforeProcessingInitializeOnLoad (51ms)
				ProcessInitializeOnLoadAttributes (192ms)
				ProcessInitializeOnLoadMethodAttributes (21ms)
				AfterProcessingInitializeOnLoad (2ms)
				EditorAssembliesLoaded (0ms)
			ExecutionOrderSort2 (0ms)
			AwakeInstancesAfterBackupRestoration (6ms)
Platform modules already initialized, skipping
Refreshing native plugins compatible for Editor in 1.50 ms, found 3 plugins.
Preloading 0 native plugins for Editor in 0.00 ms.
Unloading 3400 Unused Serialized files (Serialized files now loaded: 0)
Unloading 20 unused Assets / (81.3 KB). Loaded Objects now: 3901.
Memory consumption went from 119.7 MB to 119.6 MB.
Total: 2.370500 ms (FindLiveObjects: 0.216400 ms CreateObjectMapping: 0.079800 ms MarkObjects: 1.979000 ms  DeleteObjects: 0.094300 ms)

AssetImportParameters requested are different than current active one (requested -> active):
  custom:video-decoder-ogg-theora: a1e56fd34408186e4bbccfd4996cb3dc -> 
  custom:container-muxer-webm: aa71ff27fc2769a1b78a27578f13a17b -> 
  custom:container-demuxer-webm: 4f35f7cbe854078d1ac9338744f61a02 -> 
  custom:video-encoder-webm-vp8: eb34c28f22e8b96e1ab97ce403110664 -> 
  custom:video-codec-MediaFoundation-h265: 746d11721c4dcdbdad8f713fa42b33f4 -> 
  custom:audio-encoder-webm-vorbis: bf7c407c2cedff20999df2af8eb42d56 -> 
  custom:framework-win-MediaFoundation: 216162199b28c13a410421893ffa2e32 -> 
  custom:container-demuxer-ogg: 62fdf1f143b41e24485cea50d1cbac27 -> 
  custom:video-decoder-webm-vp8: 9c59270c3fd7afecdb556c50c9e8de78 -> 
  custom:audio-decoder-ogg-vorbis: bf7c407c2cedff20999df2af8eb42d56 -> 
========================================================================
Received Import Request.
  Time since last request: 84.949393 seconds.
  path: Assets/Game/Scripts/Character/Character.cs
  artifactKey: Guid(b3609573a2bded7488bc9e537749cf9d) Importer(815301076,1909f56bfc062723c751e8b465ee728b)
Start importing Assets/Game/Scripts/Character/Character.cs using Guid(b3609573a2bded7488bc9e537749cf9d) Importer(815301076,1909f56bfc062723c751e8b465ee728b)  -> (artifact id: '51edf2b141f474b1a93d50b5ade5e438') in 0.007568 seconds 
========================================================================
Received Import Request.
  Time since last request: 23.626160 seconds.
  path: Assets/Game/Scripts/Character/Character.cs
  artifactKey: Guid(b3609573a2bded7488bc9e537749cf9d) Importer(815301076,1909f56bfc062723c751e8b465ee728b)
Start importing Assets/Game/Scripts/Character/Character.cs using Guid(b3609573a2bded7488bc9e537749cf9d) Importer(815301076,1909f56bfc062723c751e8b465ee728b)  -> (artifact id: '1b9ae8b4f8d050fe0fe527176de0ee4d') in 0.001926 seconds 
========================================================================
Received Import Request.
  Time since last request: 44.573307 seconds.
  path: Assets/Game/Scripts/Character/Character.cs
  artifactKey: Guid(b3609573a2bded7488bc9e537749cf9d) Importer(815301076,1909f56bfc062723c751e8b465ee728b)
Start importing Assets/Game/Scripts/Character/Character.cs using Guid(b3609573a2bded7488bc9e537749cf9d) Importer(815301076,1909f56bfc062723c751e8b465ee728b)  -> (artifact id: '00000000000000000000000000000000') in 0.000399 seconds  code(4) message(Build asset version error: assets/game/scripts/character/character.cs in SourceAssetDB has modification time of '2023-06-03T03:01:34.7781592Z' while content on disk has modification time of '2023-06-03T03:01:35.0064274Z')
  ERROR: Build asset version error: assets/game/scripts/character/character.cs in SourceAssetDB has modification time of '2023-06-03T03:01:34.7781592Z' while content on disk has modification time of '2023-06-03T03:01:35.0064274Z'
========================================================================
Received Import Request.
  Time since last request: 9.602209 seconds.
  path: Assets/Game/Scripts/Character/Character.cs
  artifactKey: Guid(b3609573a2bded7488bc9e537749cf9d) Importer(815301076,1909f56bfc062723c751e8b465ee728b)
Start importing Assets/Game/Scripts/Character/Character.cs using Guid(b3609573a2bded7488bc9e537749cf9d) Importer(815301076,1909f56bfc062723c751e8b465ee728b)  -> (artifact id: '00000000000000000000000000000000') in 0.000334 seconds  code(4) message(Build asset version error: assets/game/scripts/character/character.cs in SourceAssetDB has modification time of '2023-06-03T03:01:44.3800125Z' while content on disk has modification time of '2023-06-03T03:01:44.6040966Z')
  ERROR: Build asset version error: assets/game/scripts/character/character.cs in SourceAssetDB has modification time of '2023-06-03T03:01:44.3800125Z' while content on disk has modification time of '2023-06-03T03:01:44.6040966Z'
========================================================================
Received Import Request.
  Time since last request: 31.098286 seconds.
  path: Assets/Game/Scripts/Character/Character.cs
  artifactKey: Guid(b3609573a2bded7488bc9e537749cf9d) Importer(815301076,1909f56bfc062723c751e8b465ee728b)
Start importing Assets/Game/Scripts/Character/Character.cs using Guid(b3609573a2bded7488bc9e537749cf9d) Importer(815301076,1909f56bfc062723c751e8b465ee728b)  -> (artifact id: '00000000000000000000000000000000') in 0.000463 seconds  code(4) message(Build asset version error: assets/game/scripts/character/character.cs in SourceAssetDB has modification time of '2023-06-03T03:02:15.5472798Z' while content on disk has modification time of '2023-06-03T03:02:15.7320611Z')
  ERROR: Build asset version error: assets/game/scripts/character/character.cs in SourceAssetDB has modification time of '2023-06-03T03:02:15.5472798Z' while content on disk has modification time of '2023-06-03T03:02:15.7320611Z'
========================================================================
Received Import Request.
  Time since last request: 14.381237 seconds.
  path: Assets/Game/Scripts/Character/Character.cs
  artifactKey: Guid(b3609573a2bded7488bc9e537749cf9d) Importer(815301076,1909f56bfc062723c751e8b465ee728b)
Start importing Assets/Game/Scripts/Character/Character.cs using Guid(b3609573a2bded7488bc9e537749cf9d) Importer(815301076,1909f56bfc062723c751e8b465ee728b)  -> (artifact id: '64271d1236c07274573535d1c5336252') in 0.001792 seconds 
========================================================================
Received Import Request.
  Time since last request: 105.236376 seconds.
  path: Assets/Game/Scripts/Character/Character.cs
  artifactKey: Guid(b3609573a2bded7488bc9e537749cf9d) Importer(815301076,1909f56bfc062723c751e8b465ee728b)
Start importing Assets/Game/Scripts/Character/Character.cs using Guid(b3609573a2bded7488bc9e537749cf9d) Importer(815301076,1909f56bfc062723c751e8b465ee728b)  -> (artifact id: '52a270836d83fc08dc4d7462bbb290da') in 0.002416 seconds 
========================================================================
Received Import Request.
  Time since last request: 15.799829 seconds.
  path: Assets/Game/Scripts/Character/Character.cs
  artifactKey: Guid(b3609573a2bded7488bc9e537749cf9d) Importer(815301076,1909f56bfc062723c751e8b465ee728b)
Start importing Assets/Game/Scripts/Character/Character.cs using Guid(b3609573a2bded7488bc9e537749cf9d) Importer(815301076,1909f56bfc062723c751e8b465ee728b)  -> (artifact id: '9082f7d4a4b68aaaab456322b9ad0185') in 0.002250 seconds 
========================================================================
Received Import Request.
  Time since last request: 12.397341 seconds.
  path: Assets/Game/Scripts/Character/Character.cs
  artifactKey: Guid(b3609573a2bded7488bc9e537749cf9d) Importer(815301076,1909f56bfc062723c751e8b465ee728b)
Start importing Assets/Game/Scripts/Character/Character.cs using Guid(b3609573a2bded7488bc9e537749cf9d) Importer(815301076,1909f56bfc062723c751e8b465ee728b)  -> (artifact id: 'e13e11f6c9ef216944940a279d9ecaa7') in 0.001959 seconds 
========================================================================
Received Prepare
Registering precompiled user dll's ...
Registered in 0.003429 seconds.
Begin MonoManager ReloadAssembly
Symbol file LoadedFromMemory doesn't match image D:\Unity\Project\HB 3rd game MoveStopMove\MoveStopMove_MaiTheDuc\Library\PackageCache\com.unity.visualscripting@1.8.0\Editor\VisualScripting.Core\Dependencies\YamlDotNet\Unity.VisualScripting.YamlDotNet.dll
Symbol file LoadedFromMemory doesn't match image D:\Unity\Project\HB 3rd game MoveStopMove\MoveStopMove_MaiTheDuc\Library\PackageCache\com.unity.visualscripting@1.8.0\Editor\VisualScripting.Core\Dependencies\DotNetZip\Unity.VisualScripting.IonicZip.dll
Native extension for WindowsStandalone target not found
Native extension for Android target not found
Refreshing native plugins compatible for Editor in 1.15 ms, found 3 plugins.
Preloading 0 native plugins for Editor in 0.00 ms.
Mono: successfully reloaded assembly
- Completed reload, in  1.137 seconds
Domain Reload Profiling:
	ReloadAssembly (1138ms)
		BeginReloadAssembly (152ms)
			ExecutionOrderSort (0ms)
			DisableScriptedObjects (8ms)
			BackupInstance (0ms)
			ReleaseScriptingObjects (0ms)
			CreateAndSetChildDomain (49ms)
		EndReloadAssembly (876ms)
			LoadAssemblies (85ms)
			RebuildTransferFunctionScriptingTraits (0ms)
			SetupTypeCache (334ms)
			ReleaseScriptCaches (2ms)
			RebuildScriptCaches (50ms)
			SetupLoadedEditorAssemblies (354ms)
				LogAssemblyErrors (0ms)
				InitializePlatformSupportModulesInManaged (25ms)
				SetLoadedEditorAssemblies (0ms)
				RefreshPlugins (1ms)
				BeforeProcessingInitializeOnLoad (69ms)
				ProcessInitializeOnLoadAttributes (227ms)
				ProcessInitializeOnLoadMethodAttributes (29ms)
				AfterProcessingInitializeOnLoad (2ms)
				EditorAssembliesLoaded (0ms)
			ExecutionOrderSort2 (0ms)
			AwakeInstancesAfterBackupRestoration (7ms)
Platform modules already initialized, skipping
Refreshing native plugins compatible for Editor in 1.47 ms, found 3 plugins.
Preloading 0 native plugins for Editor in 0.00 ms.
Unloading 3400 Unused Serialized files (Serialized files now loaded: 0)
Unloading 20 unused Assets / (81.3 KB). Loaded Objects now: 3904.
Memory consumption went from 119.7 MB to 119.6 MB.
Total: 2.965200 ms (FindLiveObjects: 0.216000 ms CreateObjectMapping: 0.081300 ms MarkObjects: 2.441500 ms  DeleteObjects: 0.225300 ms)

AssetImportParameters requested are different than current active one (requested -> active):
  custom:video-decoder-ogg-theora: a1e56fd34408186e4bbccfd4996cb3dc -> 
  custom:container-muxer-webm: aa71ff27fc2769a1b78a27578f13a17b -> 
  custom:container-demuxer-webm: 4f35f7cbe854078d1ac9338744f61a02 -> 
  custom:video-encoder-webm-vp8: eb34c28f22e8b96e1ab97ce403110664 -> 
  custom:video-codec-MediaFoundation-h265: 746d11721c4dcdbdad8f713fa42b33f4 -> 
  custom:audio-encoder-webm-vorbis: bf7c407c2cedff20999df2af8eb42d56 -> 
  custom:framework-win-MediaFoundation: 216162199b28c13a410421893ffa2e32 -> 
  custom:container-demuxer-ogg: 62fdf1f143b41e24485cea50d1cbac27 -> 
  custom:video-decoder-webm-vp8: 9c59270c3fd7afecdb556c50c9e8de78 -> 
  custom:audio-decoder-ogg-vorbis: bf7c407c2cedff20999df2af8eb42d56 -> 
========================================================================
Received Prepare
Registering precompiled user dll's ...
Registered in 0.002618 seconds.
Begin MonoManager ReloadAssembly
Symbol file LoadedFromMemory doesn't match image D:\Unity\Project\HB 3rd game MoveStopMove\MoveStopMove_MaiTheDuc\Library\PackageCache\com.unity.visualscripting@1.8.0\Editor\VisualScripting.Core\Dependencies\YamlDotNet\Unity.VisualScripting.YamlDotNet.dll
Symbol file LoadedFromMemory doesn't match image D:\Unity\Project\HB 3rd game MoveStopMove\MoveStopMove_MaiTheDuc\Library\PackageCache\com.unity.visualscripting@1.8.0\Editor\VisualScripting.Core\Dependencies\DotNetZip\Unity.VisualScripting.IonicZip.dll
Native extension for WindowsStandalone target not found
Native extension for Android target not found
Refreshing native plugins compatible for Editor in 0.84 ms, found 3 plugins.
Preloading 0 native plugins for Editor in 0.00 ms.
Mono: successfully reloaded assembly
- Completed reload, in  0.861 seconds
Domain Reload Profiling:
	ReloadAssembly (862ms)
		BeginReloadAssembly (119ms)
			ExecutionOrderSort (0ms)
			DisableScriptedObjects (4ms)
			BackupInstance (0ms)
			ReleaseScriptingObjects (0ms)
			CreateAndSetChildDomain (34ms)
		EndReloadAssembly (664ms)
			LoadAssemblies (66ms)
			RebuildTransferFunctionScriptingTraits (0ms)
			SetupTypeCache (236ms)
			ReleaseScriptCaches (2ms)
			RebuildScriptCaches (53ms)
			SetupLoadedEditorAssemblies (267ms)
				LogAssemblyErrors (0ms)
				InitializePlatformSupportModulesInManaged (18ms)
				SetLoadedEditorAssemblies (0ms)
				RefreshPlugins (1ms)
				BeforeProcessingInitializeOnLoad (57ms)
				ProcessInitializeOnLoadAttributes (169ms)
				ProcessInitializeOnLoadMethodAttributes (20ms)
				AfterProcessingInitializeOnLoad (2ms)
				EditorAssembliesLoaded (0ms)
			ExecutionOrderSort2 (0ms)
			AwakeInstancesAfterBackupRestoration (5ms)
Platform modules already initialized, skipping
Refreshing native plugins compatible for Editor in 2.79 ms, found 3 plugins.
Preloading 0 native plugins for Editor in 0.00 ms.
Unloading 3400 Unused Serialized files (Serialized files now loaded: 0)
Unloading 20 unused Assets / (81.4 KB). Loaded Objects now: 3907.
Memory consumption went from 119.7 MB to 119.7 MB.
Total: 2.891100 ms (FindLiveObjects: 0.229100 ms CreateObjectMapping: 0.166700 ms MarkObjects: 2.288500 ms  DeleteObjects: 0.205400 ms)

AssetImportParameters requested are different than current active one (requested -> active):
  custom:video-decoder-ogg-theora: a1e56fd34408186e4bbccfd4996cb3dc -> 
  custom:container-muxer-webm: aa71ff27fc2769a1b78a27578f13a17b -> 
  custom:container-demuxer-webm: 4f35f7cbe854078d1ac9338744f61a02 -> 
  custom:video-encoder-webm-vp8: eb34c28f22e8b96e1ab97ce403110664 -> 
  custom:video-codec-MediaFoundation-h265: 746d11721c4dcdbdad8f713fa42b33f4 -> 
  custom:audio-encoder-webm-vorbis: bf7c407c2cedff20999df2af8eb42d56 -> 
  custom:framework-win-MediaFoundation: 216162199b28c13a410421893ffa2e32 -> 
  custom:container-demuxer-ogg: 62fdf1f143b41e24485cea50d1cbac27 -> 
  custom:video-decoder-webm-vp8: 9c59270c3fd7afecdb556c50c9e8de78 -> 
  custom:audio-decoder-ogg-vorbis: bf7c407c2cedff20999df2af8eb42d56 -> 
========================================================================
Received Import Request.
  Time since last request: 62.853312 seconds.
  path: Assets/Game/Scripts/Character/Character.cs
  artifactKey: Guid(b3609573a2bded7488bc9e537749cf9d) Importer(815301076,1909f56bfc062723c751e8b465ee728b)
Start importing Assets/Game/Scripts/Character/Character.cs using Guid(b3609573a2bded7488bc9e537749cf9d) Importer(815301076,1909f56bfc062723c751e8b465ee728b)  -> (artifact id: '39d4271c8c2e3d87539853e36951a3e6') in 0.007199 seconds 
========================================================================
Received Import Request.
  Time since last request: 13.654860 seconds.
  path: Assets/Game/Scripts/Character/Character.cs
  artifactKey: Guid(b3609573a2bded7488bc9e537749cf9d) Importer(815301076,1909f56bfc062723c751e8b465ee728b)
Start importing Assets/Game/Scripts/Character/Character.cs using Guid(b3609573a2bded7488bc9e537749cf9d) Importer(815301076,1909f56bfc062723c751e8b465ee728b)  -> (artifact id: 'b8b7f7d35936c3aaca552e6a3b50d63a') in 0.002154 seconds 
========================================================================
Received Import Request.
  Time since last request: 14.353583 seconds.
  path: Assets/Game/Scripts/Character/Character.cs
  artifactKey: Guid(b3609573a2bded7488bc9e537749cf9d) Importer(815301076,1909f56bfc062723c751e8b465ee728b)
Start importing Assets/Game/Scripts/Character/Character.cs using Guid(b3609573a2bded7488bc9e537749cf9d) Importer(815301076,1909f56bfc062723c751e8b465ee728b)  -> (artifact id: '9a4a4ad0840144a07ba80b445af095b9') in 0.001699 seconds 
========================================================================
Received Import Request.
  Time since last request: 15.482060 seconds.
  path: Assets/Game/Scripts/Character/Character.cs
  artifactKey: Guid(b3609573a2bded7488bc9e537749cf9d) Importer(815301076,1909f56bfc062723c751e8b465ee728b)
Start importing Assets/Game/Scripts/Character/Character.cs using Guid(b3609573a2bded7488bc9e537749cf9d) Importer(815301076,1909f56bfc062723c751e8b465ee728b)  -> (artifact id: '2018676ebaa57510452e03ef073f423a') in 0.002074 seconds 
========================================================================
Received Import Request.
  Time since last request: 87.749857 seconds.
  path: Assets/Game/Scripts/Character/Player.cs
  artifactKey: Guid(7634dc6c0d5ca4745866c30f618c60ea) Importer(815301076,1909f56bfc062723c751e8b465ee728b)
Start importing Assets/Game/Scripts/Character/Player.cs using Guid(7634dc6c0d5ca4745866c30f618c60ea) Importer(815301076,1909f56bfc062723c751e8b465ee728b)  -> (artifact id: '993a621ef23502df737ff569b948d0df') in 0.005338 seconds 
========================================================================
Received Import Request.
  Time since last request: 29.633154 seconds.
  path: Assets/Game/Scripts/Character/Player.cs
  artifactKey: Guid(7634dc6c0d5ca4745866c30f618c60ea) Importer(815301076,1909f56bfc062723c751e8b465ee728b)
Start importing Assets/Game/Scripts/Character/Player.cs using Guid(7634dc6c0d5ca4745866c30f618c60ea) Importer(815301076,1909f56bfc062723c751e8b465ee728b)  -> (artifact id: '140fa5846a77a05e026674c36c319351') in 0.001662 seconds 
========================================================================
Received Import Request.
  Time since last request: 1.482787 seconds.
  path: Assets/Game/Scripts/Character/Player.cs
  artifactKey: Guid(7634dc6c0d5ca4745866c30f618c60ea) Importer(815301076,1909f56bfc062723c751e8b465ee728b)
Start importing Assets/Game/Scripts/Character/Player.cs using Guid(7634dc6c0d5ca4745866c30f618c60ea) Importer(815301076,1909f56bfc062723c751e8b465ee728b)  -> (artifact id: 'b34e8eb41688521345df51e4c6bd54c2') in 0.001922 seconds 
========================================================================
Received Import Request.
  Time since last request: 17.311685 seconds.
  path: Assets/Game/Scripts/Character/Player.cs
  artifactKey: Guid(7634dc6c0d5ca4745866c30f618c60ea) Importer(815301076,1909f56bfc062723c751e8b465ee728b)
Start importing Assets/Game/Scripts/Character/Player.cs using Guid(7634dc6c0d5ca4745866c30f618c60ea) Importer(815301076,1909f56bfc062723c751e8b465ee728b)  -> (artifact id: '98331627a12526794dcd9a6940fc0655') in 0.001775 seconds 
========================================================================
Received Import Request.
  Time since last request: 60.305544 seconds.
  path: Assets/Game/Scripts/Character/Player.cs
  artifactKey: Guid(7634dc6c0d5ca4745866c30f618c60ea) Importer(815301076,1909f56bfc062723c751e8b465ee728b)
Start importing Assets/Game/Scripts/Character/Player.cs using Guid(7634dc6c0d5ca4745866c30f618c60ea) Importer(815301076,1909f56bfc062723c751e8b465ee728b)  -> (artifact id: '00000000000000000000000000000000') in 0.000519 seconds  code(4) message(Build asset version error: assets/game/scripts/character/player.cs in SourceAssetDB has modification time of '2023-06-03T03:09:46.3368548Z' while content on disk has modification time of '2023-06-03T03:09:46.5244736Z')
  ERROR: Build asset version error: assets/game/scripts/character/player.cs in SourceAssetDB has modification time of '2023-06-03T03:09:46.3368548Z' while content on disk has modification time of '2023-06-03T03:09:46.5244736Z'
========================================================================
Received Import Request.
  Time since last request: 28.404277 seconds.
  path: Assets/Game/Scripts/Character/Player.cs
  artifactKey: Guid(7634dc6c0d5ca4745866c30f618c60ea) Importer(815301076,1909f56bfc062723c751e8b465ee728b)
Start importing Assets/Game/Scripts/Character/Player.cs using Guid(7634dc6c0d5ca4745866c30f618c60ea) Importer(815301076,1909f56bfc062723c751e8b465ee728b)  -> (artifact id: '00000000000000000000000000000000') in 0.485076 seconds  code(4) message(Build asset version error: assets/game/scripts/character/player.cs in SourceAssetDB has modification time of '2023-06-03T03:10:14.6770582Z' while content on disk has modification time of '0001-01-01T00:00:00Z' with error code 2
Stacktrace:
0x00007ff6583e826d (Unity) StackWalker::GetCurrentCallstack
0x00007ff6583eee29 (Unity) StackWalker::ShowCallstack
0x00007ff659372cc3 (Unity) GetStacktrace
0x00007ff6597119b4 (Unity) GetAssetHashAndValidate
0x00007ff65970cf18 (Unity) AssetVersionBuilder::BuildHashOfSourceAssetArray
0x00007ff65970aeed (Unity) AssetVersionBuilder::BuildAssetVersion
0x00007ff659691fb4 (Unity) CreateAssetVersionBuilder
0x00007ff659698ab6 (Unity) ImportToObjects
0x00007ff6596977e3 (Unity) ImportAsset
0x00007ff6596ba181 (Unity) AssetImportWorker::Import
0x00007ff659720a78 (Unity) <lambda_4280b031ebcc7d1adb8e337ef41df5eb>::operator()
0x00007ff6597628e2 (Unity) asio::detail::completion_handler<core::mutable_function<void __cdecl(void)>,asio::io_context::basic_executor_type<std::allocator<void>,0> >::do_complete
0x00007ff65974e7ce (Unity) asio::detail::win_iocp_io_context::do_one
0x00007ff659750434 (Unity) asio::detail::win_iocp_io_context::run
0x00007ff659760cce (Unity) IOService::Run
0x00007ff6597338df (Unity) AssetImportWorkerClient::Run
0x00007ff6596fd1b3 (Unity) RunAssetImportWorkerClientV2
0x00007ff6596fd23b (Unity) RunAssetImporterV2
0x00007ff658f18218 (Unity) Application::InitializeProject
0x00007ff65937d428 (Unity) WinMain
0x00007ff65a73224e (Unity) __scrt_common_main_seh
0x00007ffd521c55a0 (KERNEL32) BaseThreadInitThunk
0x00007ffd53ba485b (ntdll) RtlUserThreadStart
)
  ERROR: Build asset version error: assets/game/scripts/character/player.cs in SourceAssetDB has modification time of '2023-06-03T03:10:14.6770582Z' while content on disk has modification time of '0001-01-01T00:00:00Z' with error code 2
Stacktrace:
0x00007ff6583e826d (Unity) StackWalker::GetCurrentCallstack
0x00007ff6583eee29 (Unity) StackWalker::ShowCallstack
0x00007ff659372cc3 (Unity) GetStacktrace
0x00007ff6597119b4 (Unity) GetAssetHashAndValidate
0x00007ff65970cf18 (Unity) AssetVersionBuilder::BuildHashOfSourceAssetArray
0x00007ff65970aeed (Unity) AssetVersionBuilder::BuildAssetVersion
0x00007ff659691fb4 (Unity) CreateAssetVersionBuilder
0x00007ff659698ab6 (Unity) ImportToObjects
0x00007ff6596977e3 (Unity) ImportAsset
0x00007ff6596ba181 (Unity) AssetImportWorker::Import
0x00007ff659720a78 (Unity) <lambda_4280b031ebcc7d1adb8e337ef41df5eb>::operator()
0x00007ff6597628e2 (Unity) asio::detail::completion_handler<core::mutable_function<void __cdecl(void)>,asio::io_context::basic_executor_type<std::allocator<void>,0> >::do_complete
0x00007ff65974e7ce (Unity) asio::detail::win_iocp_io_context::do_one
0x00007ff659750434 (Unity) asio::detail::win_iocp_io_context::run
0x00007ff659760cce (Unity) IOService::Run
0x00007ff6597338df (Unity) AssetImportWorkerClient::Run
0x00007ff6596fd1b3 (Unity) RunAssetImportWorkerClientV2
0x00007ff6596fd23b (Unity) RunAssetImporterV2
0x00007ff658f18218 (Unity) Application::InitializeProject
0x00007ff65937d428 (Unity) WinMain
0x00007ff65a73224e (Unity) __scrt_common_main_seh
0x00007ffd521c55a0 (KERNEL32) BaseThreadInitThunk
0x00007ffd53ba485b (ntdll) RtlUserThreadStart

========================================================================
Received Import Request.
  Time since last request: 22.062390 seconds.
  path: Assets/Game/Scripts/Character/Player.cs
  artifactKey: Guid(7634dc6c0d5ca4745866c30f618c60ea) Importer(815301076,1909f56bfc062723c751e8b465ee728b)
Start importing Assets/Game/Scripts/Character/Player.cs using Guid(7634dc6c0d5ca4745866c30f618c60ea) Importer(815301076,1909f56bfc062723c751e8b465ee728b)  -> (artifact id: '5ad61e10f2e05d73d876ff122b823244') in 0.002215 seconds 
========================================================================
Received Import Request.
  Time since last request: 16.825631 seconds.
  path: Assets/Game/Scripts/Character/Player.cs
  artifactKey: Guid(7634dc6c0d5ca4745866c30f618c60ea) Importer(815301076,1909f56bfc062723c751e8b465ee728b)
Start importing Assets/Game/Scripts/Character/Player.cs using Guid(7634dc6c0d5ca4745866c30f618c60ea) Importer(815301076,1909f56bfc062723c751e8b465ee728b)  -> (artifact id: '00000000000000000000000000000000') in 0.000208 seconds  code(4) message(Build asset version error: assets/game/scripts/character/player.cs in SourceAssetDB has modification time of '2023-06-03T03:10:54.0313317Z' while content on disk has modification time of '2023-06-03T03:10:54.2901486Z')
  ERROR: Build asset version error: assets/game/scripts/character/player.cs in SourceAssetDB has modification time of '2023-06-03T03:10:54.0313317Z' while content on disk has modification time of '2023-06-03T03:10:54.2901486Z'
========================================================================
Received Import Request.
  Time since last request: 125.334906 seconds.
  path: Assets/Game/Scripts/Character/Player.cs
  artifactKey: Guid(7634dc6c0d5ca4745866c30f618c60ea) Importer(815301076,1909f56bfc062723c751e8b465ee728b)
Start importing Assets/Game/Scripts/Character/Player.cs using Guid(7634dc6c0d5ca4745866c30f618c60ea) Importer(815301076,1909f56bfc062723c751e8b465ee728b)  -> (artifact id: '00000000000000000000000000000000') in 0.000338 seconds  code(4) message(Build asset version error: assets/game/scripts/character/player.cs in SourceAssetDB has modification time of '2023-06-03T03:12:59.4542784Z' while content on disk has modification time of '2023-06-03T03:12:59.638602Z')
  ERROR: Build asset version error: assets/game/scripts/character/player.cs in SourceAssetDB has modification time of '2023-06-03T03:12:59.4542784Z' while content on disk has modification time of '2023-06-03T03:12:59.638602Z'
========================================================================
Received Import Request.
  Time since last request: 24.451214 seconds.
  path: Assets/Game/Scripts/Character/Player.cs
  artifactKey: Guid(7634dc6c0d5ca4745866c30f618c60ea) Importer(815301076,1909f56bfc062723c751e8b465ee728b)
Start importing Assets/Game/Scripts/Character/Player.cs using Guid(7634dc6c0d5ca4745866c30f618c60ea) Importer(815301076,1909f56bfc062723c751e8b465ee728b)  -> (artifact id: '5a26fc8bf2dfb7af68f366f559fa51db') in 0.001967 seconds 
========================================================================
Received Import Request.
  Time since last request: 1.095951 seconds.
  path: Assets/Game/Scripts/Character/Player.cs
  artifactKey: Guid(7634dc6c0d5ca4745866c30f618c60ea) Importer(815301076,1909f56bfc062723c751e8b465ee728b)
Start importing Assets/Game/Scripts/Character/Player.cs using Guid(7634dc6c0d5ca4745866c30f618c60ea) Importer(815301076,1909f56bfc062723c751e8b465ee728b)  -> (artifact id: '10d26859054c95178a9c2e5ee4458178') in 0.001793 seconds 
========================================================================
Received Import Request.
  Time since last request: 23.730409 seconds.
  path: Assets/Game/Scripts/Character/Player.cs
  artifactKey: Guid(7634dc6c0d5ca4745866c30f618c60ea) Importer(815301076,1909f56bfc062723c751e8b465ee728b)
Start importing Assets/Game/Scripts/Character/Player.cs using Guid(7634dc6c0d5ca4745866c30f618c60ea) Importer(815301076,1909f56bfc062723c751e8b465ee728b)  -> (artifact id: 'db28de16d14b1f8213beb74f37516fd8') in 0.006553 seconds 
========================================================================
Received Import Request.
  Time since last request: 14.170482 seconds.
  path: Assets/Game/Scripts/Character/Player.cs
  artifactKey: Guid(7634dc6c0d5ca4745866c30f618c60ea) Importer(815301076,1909f56bfc062723c751e8b465ee728b)
Start importing Assets/Game/Scripts/Character/Player.cs using Guid(7634dc6c0d5ca4745866c30f618c60ea) Importer(815301076,1909f56bfc062723c751e8b465ee728b)  -> (artifact id: '3e2b6eecf95fa8d88a15b157b34b958c') in 0.001774 seconds 
========================================================================
Received Import Request.
  Time since last request: 12.171541 seconds.
  path: Assets/Game/Scripts/Character/Player.cs
  artifactKey: Guid(7634dc6c0d5ca4745866c30f618c60ea) Importer(815301076,1909f56bfc062723c751e8b465ee728b)
Start importing Assets/Game/Scripts/Character/Player.cs using Guid(7634dc6c0d5ca4745866c30f618c60ea) Importer(815301076,1909f56bfc062723c751e8b465ee728b)  -> (artifact id: '7765b3b73e61e9259180c37fd9a05ec2') in 0.001855 seconds 
========================================================================
Received Import Request.
  Time since last request: 4.570645 seconds.
  path: Assets/Game/Scripts/Character/Player.cs
  artifactKey: Guid(7634dc6c0d5ca4745866c30f618c60ea) Importer(815301076,1909f56bfc062723c751e8b465ee728b)
Start importing Assets/Game/Scripts/Character/Player.cs using Guid(7634dc6c0d5ca4745866c30f618c60ea) Importer(815301076,1909f56bfc062723c751e8b465ee728b)  -> (artifact id: 'eb933305290207aca731a31f1476af79') in 0.001855 seconds 
========================================================================
Received Import Request.
  Time since last request: 20.932346 seconds.
  path: Assets/Game/Scripts/Character/Player.cs
  artifactKey: Guid(7634dc6c0d5ca4745866c30f618c60ea) Importer(815301076,1909f56bfc062723c751e8b465ee728b)
Start importing Assets/Game/Scripts/Character/Player.cs using Guid(7634dc6c0d5ca4745866c30f618c60ea) Importer(815301076,1909f56bfc062723c751e8b465ee728b)  -> (artifact id: '32ca643c06569f9954d9f1fc9ab6f225') in 0.001715 seconds 
========================================================================
Received Import Request.
  Time since last request: 27.766604 seconds.
  path: Assets/Game/Scripts/Character/Player.cs
  artifactKey: Guid(7634dc6c0d5ca4745866c30f618c60ea) Importer(815301076,1909f56bfc062723c751e8b465ee728b)
Start importing Assets/Game/Scripts/Character/Player.cs using Guid(7634dc6c0d5ca4745866c30f618c60ea) Importer(815301076,1909f56bfc062723c751e8b465ee728b)  -> (artifact id: '00000000000000000000000000000000') in 0.000446 seconds  code(4) message(Build asset version error: assets/game/scripts/character/player.cs in SourceAssetDB has modification time of '2023-06-03T03:15:08.3700392Z' while content on disk has modification time of '2023-06-03T03:15:08.5873629Z')
  ERROR: Build asset version error: assets/game/scripts/character/player.cs in SourceAssetDB has modification time of '2023-06-03T03:15:08.3700392Z' while content on disk has modification time of '2023-06-03T03:15:08.5873629Z'
========================================================================
Received Import Request.
  Time since last request: 13.732831 seconds.
  path: Assets/Game/Scripts/Character/Player.cs
  artifactKey: Guid(7634dc6c0d5ca4745866c30f618c60ea) Importer(815301076,1909f56bfc062723c751e8b465ee728b)
Start importing Assets/Game/Scripts/Character/Player.cs using Guid(7634dc6c0d5ca4745866c30f618c60ea) Importer(815301076,1909f56bfc062723c751e8b465ee728b)  -> (artifact id: '00000000000000000000000000000000') in 0.000641 seconds  code(4) message(Build asset version error: assets/game/scripts/character/player.cs in SourceAssetDB has modification time of '2023-06-03T03:15:22.0363451Z' while content on disk has modification time of '2023-06-03T03:15:22.2946175Z')
  ERROR: Build asset version error: assets/game/scripts/character/player.cs in SourceAssetDB has modification time of '2023-06-03T03:15:22.0363451Z' while content on disk has modification time of '2023-06-03T03:15:22.2946175Z'
========================================================================
Received Import Request.
  Time since last request: 9.570164 seconds.
  path: Assets/Game/Scripts/Character/Player.cs
  artifactKey: Guid(7634dc6c0d5ca4745866c30f618c60ea) Importer(815301076,1909f56bfc062723c751e8b465ee728b)
Start importing Assets/Game/Scripts/Character/Player.cs using Guid(7634dc6c0d5ca4745866c30f618c60ea) Importer(815301076,1909f56bfc062723c751e8b465ee728b)  -> (artifact id: '2cb8e1d0f63e3685a81530346dea7d18') in 0.014200 seconds 
========================================================================
Received Import Request.
  Time since last request: 29.992781 seconds.
  path: Assets/Game/Scripts/Character/Player.cs
  artifactKey: Guid(7634dc6c0d5ca4745866c30f618c60ea) Importer(815301076,1909f56bfc062723c751e8b465ee728b)
Start importing Assets/Game/Scripts/Character/Player.cs using Guid(7634dc6c0d5ca4745866c30f618c60ea) Importer(815301076,1909f56bfc062723c751e8b465ee728b)  -> (artifact id: 'ba7f00485df1b42a6270abe208da836b') in 0.002298 seconds 
========================================================================
Received Import Request.
  Time since last request: 21.615189 seconds.
  path: Assets/Game/Scripts/Character/Player.cs
  artifactKey: Guid(7634dc6c0d5ca4745866c30f618c60ea) Importer(815301076,1909f56bfc062723c751e8b465ee728b)
Start importing Assets/Game/Scripts/Character/Player.cs using Guid(7634dc6c0d5ca4745866c30f618c60ea) Importer(815301076,1909f56bfc062723c751e8b465ee728b)  -> (artifact id: '00000000000000000000000000000000') in 0.000310 seconds  code(4) message(Build asset version error: assets/game/scripts/character/player.cs in SourceAssetDB has modification time of '2023-06-03T03:16:23.3896932Z' while content on disk has modification time of '2023-06-03T03:16:23.555016Z')
  ERROR: Build asset version error: assets/game/scripts/character/player.cs in SourceAssetDB has modification time of '2023-06-03T03:16:23.3896932Z' while content on disk has modification time of '2023-06-03T03:16:23.555016Z'
========================================================================
Received Import Request.
  Time since last request: 18.626296 seconds.
  path: Assets/Game/Scripts/Character/Player.cs
  artifactKey: Guid(7634dc6c0d5ca4745866c30f618c60ea) Importer(815301076,1909f56bfc062723c751e8b465ee728b)
Start importing Assets/Game/Scripts/Character/Player.cs using Guid(7634dc6c0d5ca4745866c30f618c60ea) Importer(815301076,1909f56bfc062723c751e8b465ee728b)  -> (artifact id: '3ceac2b0380269f495ea24c95f860c45') in 0.001748 seconds 
========================================================================
Received Import Request.
  Time since last request: 4.878952 seconds.
  path: Assets/Game/Scripts/Character/Player.cs
  artifactKey: Guid(7634dc6c0d5ca4745866c30f618c60ea) Importer(815301076,1909f56bfc062723c751e8b465ee728b)
Start importing Assets/Game/Scripts/Character/Player.cs using Guid(7634dc6c0d5ca4745866c30f618c60ea) Importer(815301076,1909f56bfc062723c751e8b465ee728b)  -> (artifact id: '00000000000000000000000000000000') in 0.000842 seconds  code(4) message(Build asset version error: assets/game/scripts/character/player.cs in SourceAssetDB has modification time of '2023-06-03T03:16:46.8821813Z' while content on disk has modification time of '2023-06-03T03:16:47.0741114Z')
  ERROR: Build asset version error: assets/game/scripts/character/player.cs in SourceAssetDB has modification time of '2023-06-03T03:16:46.8821813Z' while content on disk has modification time of '2023-06-03T03:16:47.0741114Z'
========================================================================
Received Import Request.
  Time since last request: 18.012196 seconds.
  path: Assets/Game/Scripts/Character/Player.cs
  artifactKey: Guid(7634dc6c0d5ca4745866c30f618c60ea) Importer(815301076,1909f56bfc062723c751e8b465ee728b)
Start importing Assets/Game/Scripts/Character/Player.cs using Guid(7634dc6c0d5ca4745866c30f618c60ea) Importer(815301076,1909f56bfc062723c751e8b465ee728b)  -> (artifact id: 'fa18edee668fcf51f93856b9f4d9bf2b') in 0.001726 seconds 
========================================================================
Received Import Request.
  Time since last request: 173.936814 seconds.
  path: Assets/Game/Scripts/Character/Player.cs
  artifactKey: Guid(7634dc6c0d5ca4745866c30f618c60ea) Importer(815301076,1909f56bfc062723c751e8b465ee728b)
Start importing Assets/Game/Scripts/Character/Player.cs using Guid(7634dc6c0d5ca4745866c30f618c60ea) Importer(815301076,1909f56bfc062723c751e8b465ee728b)  -> (artifact id: 'ed4740927f7960e35c1da855fc883a5b') in 0.002446 seconds 
========================================================================
Received Import Request.
  Time since last request: 6.514629 seconds.
  path: Assets/Game/Scripts/Character/Player.cs
  artifactKey: Guid(7634dc6c0d5ca4745866c30f618c60ea) Importer(815301076,1909f56bfc062723c751e8b465ee728b)
Start importing Assets/Game/Scripts/Character/Player.cs using Guid(7634dc6c0d5ca4745866c30f618c60ea) Importer(815301076,1909f56bfc062723c751e8b465ee728b)  -> (artifact id: 'c6350666c0ad08665d5bfefbbdcd434c') in 0.001823 seconds 
========================================================================
Received Import Request.
  Time since last request: 678.646512 seconds.
  path: Assets/Game/Scripts/Character/Player.cs
  artifactKey: Guid(7634dc6c0d5ca4745866c30f618c60ea) Importer(815301076,1909f56bfc062723c751e8b465ee728b)
Start importing Assets/Game/Scripts/Character/Player.cs using Guid(7634dc6c0d5ca4745866c30f618c60ea) Importer(815301076,1909f56bfc062723c751e8b465ee728b)  -> (artifact id: 'adff0f0ffe16407aa9b3d20e65e7e270') in 0.006560 seconds 
